==============================================================
File generated on Wed Apr 17 16:43:05 -0400 2024
Vivado(TM) HLS - High-Level Synthesis from C, C++ and SystemC v2018.3 (64-bit)
SW Build 2405991 on Thu Dec  6 23:38:27 MST 2018
IP Build 2404404 on Fri Dec  7 01:43:56 MST 2018
Copyright 1986-2018 Xilinx, Inc. All Rights Reserved.
==============================================================
INFO: [HLS 200-10] Setting target device to 'xc7z020clg484-1'
INFO: [SYN 201-201] Setting up clock 'default' with a period of 10ns.
INFO: [SIM 211-2] *************** CSIM start ***************
INFO: [SIM 211-4] CSIM will launch GCC as the compiler.
INFO: [SIM 211-1] CSim done with 0 errors.
INFO: [SIM 211-3] *************** CSIM finish ***************
INFO: [SCHED 204-61] Option 'relax_ii_for_timing' is enabled, will increase II to preserve clock frequency constraints.
INFO: [HLS 200-10] Analyzing design file 'mmult_accel.cpp' ... 
INFO: [HLS 200-111] Finished Linking Time (s): cpu = 00:00:00 ; elapsed = 00:00:15 . Memory (MB): peak = 103.074 ; gain = 18.219
INFO: [HLS 200-111] Finished Checking Pragmas Time (s): cpu = 00:00:00 ; elapsed = 00:00:15 . Memory (MB): peak = 103.074 ; gain = 18.219
INFO: [HLS 200-10] Starting code transformations ...
INFO: [XFORM 203-603] Inlining function 'pop_stream<float, 4, 5, 5>' into 'wrapped_mmult_hw<float, 42, 1764, 4, 5, 5>' (./mmult.h:150).
INFO: [XFORM 203-603] Inlining function 'pop_stream<float, 4, 5, 5>' into 'wrapped_mmult_hw<float, 42, 1764, 4, 5, 5>' (./mmult.h:140).
INFO: [XFORM 203-603] Inlining function 'mmult_hw<float, 42>' into 'wrapped_mmult_hw<float, 42, 1764, 4, 5, 5>' (./mmult.h:154).
INFO: [XFORM 203-603] Inlining function 'push_stream<float, 4, 5, 5>' into 'wrapped_mmult_hw<float, 42, 1764, 4, 5, 5>' (./mmult.h:162).
INFO: [XFORM 203-603] Inlining function 'wrapped_mmult_hw<float, 42, 1764, 4, 5, 5>' into 'HLS_accel' (mmult_accel.cpp:22).
INFO: [HLS 200-111] Finished Standard Transforms Time (s): cpu = 00:00:02 ; elapsed = 00:00:20 . Memory (MB): peak = 110.066 ; gain = 25.211
INFO: [HLS 200-10] Checking synthesizability ...
INFO: [HLS 200-111] Finished Checking Synthesizability Time (s): cpu = 00:00:02 ; elapsed = 00:00:20 . Memory (MB): peak = 111.629 ; gain = 26.773
WARNING: [XFORM 203-1103] Ignored data pack directive on non-struct variable 'OUTPUT_STREAM.data.V' (mmult_accel.cpp:15).
WARNING: [XFORM 203-1103] Ignored data pack directive on non-struct variable 'INPUT_STREAM.data.V' (mmult_accel.cpp:15).
INFO: [XFORM 203-502] Unrolling all sub-loops inside loop 'L2' (./mmult.h:55) in function 'HLS_accel' for pipelining.
INFO: [HLS 200-489] Unrolling loop 'L3' (./mmult.h:59) in function 'HLS_accel' completely with a factor of 42.
INFO: [XFORM 203-131] Reshaping array 'a' (./mmult.h:128) in dimension 2 with a block factor of 21.
INFO: [XFORM 203-131] Reshaping array 'b' (./mmult.h:129) in dimension 1 with a block factor of 21.
INFO: [HLS 200-111] Finished Pre-synthesis Time (s): cpu = 00:00:03 ; elapsed = 00:00:22 . Memory (MB): peak = 134.844 ; gain = 49.988
INFO: [XFORM 203-541] Flattening a loop nest 'Loop-1' (./mmult.h:135:13) in function 'HLS_accel'.
INFO: [XFORM 203-541] Flattening a loop nest 'Loop-2' (./mmult.h:145:14) in function 'HLS_accel'.
INFO: [XFORM 203-541] Flattening a loop nest 'L1' (./mmult.h:54:3) in function 'HLS_accel'.
INFO: [XFORM 203-541] Flattening a loop nest 'Loop-4' (./mmult.h:157:15) in function 'HLS_accel'.
INFO: [HLS 200-472] Inferring partial write operation for 'a' (./mmult.h:140:14)
INFO: [HLS 200-472] Inferring partial write operation for 'b' (./mmult.h:150:15)
INFO: [HLS 200-111] Finished Architecture Synthesis Time (s): cpu = 00:00:03 ; elapsed = 00:00:24 . Memory (MB): peak = 135.555 ; gain = 50.699
INFO: [HLS 200-10] Starting hardware synthesis ...
INFO: [HLS 200-10] Synthesizing 'HLS_accel' ...
INFO: [HLS 200-10] ----------------------------------------------------------------
INFO: [HLS 200-42] -- Implementing module 'HLS_accel' 
INFO: [HLS 200-10] ----------------------------------------------------------------
INFO: [SCHED 204-11] Starting scheduling ...
INFO: [SCHED 204-61] Pipelining loop 'Loop 1'.
INFO: [SCHED 204-61] Pipelining result : Target II = 1, Final II = 1, Depth = 3.
INFO: [SCHED 204-61] Pipelining loop 'Loop 2'.
INFO: [SCHED 204-61] Pipelining result : Target II = 1, Final II = 1, Depth = 3.
INFO: [SCHED 204-61] Pipelining loop 'L1_L2'.
INFO: [SCHED 204-61] Pipelining result : Target II = 1, Final II = 1, Depth = 217.
INFO: [SCHED 204-61] Pipelining loop 'Loop 4'.
INFO: [SCHED 204-61] Pipelining result : Target II = 1, Final II = 1, Depth = 4.
WARNING: [SCHED 204-21] Estimated clock period (9.634ns) exceeds the target (target clock period: 10ns, clock uncertainty: 1.25ns, effective delay budget: 8.75ns).
WARNING: [SCHED 204-21] The critical path in module 'HLS_accel' consists of the following:
	'mul' operation of DSP[177] ('tmp_20', ./mmult.h:60->./mmult.h:154->mmult_accel.cpp:22) [159]  (3.36 ns)
	'add' operation of DSP[177] ('tmp_23', ./mmult.h:60->./mmult.h:154->mmult_accel.cpp:22) [177]  (3.02 ns)
	'getelementptr' operation ('out_addr', ./mmult.h:60->./mmult.h:154->mmult_accel.cpp:22) [179]  (0 ns)
	'store' operation (./mmult.h:60->./mmult.h:154->mmult_accel.cpp:22) of variable 'sum_40', ./mmult.h:59->./mmult.h:154->mmult_accel.cpp:22 on array 'out', ./mmult.h:130->mmult_accel.cpp:22 [434]  (3.25 ns)
INFO: [SCHED 204-11] Finished scheduling.
INFO: [HLS 200-111]  Elapsed time: 25.002 seconds; current allocated memory: 90.676 MB.
INFO: [BIND 205-100] Starting micro-architecture generation ...
INFO: [BIND 205-101] Performing variable lifetime analysis.
INFO: [BIND 205-101] Exploring resource sharing.
INFO: [BIND 205-101] Binding ...
INFO: [BIND 205-100] Finished micro-architecture generation.
INFO: [HLS 200-111]  Elapsed time: 1.444 seconds; current allocated memory: 93.700 MB.
INFO: [HLS 200-10] ----------------------------------------------------------------
INFO: [HLS 200-10] -- Generating RTL for module 'HLS_accel' 
INFO: [HLS 200-10] ----------------------------------------------------------------
INFO: [RTGEN 206-500] Setting interface mode on port 'HLS_accel/INPUT_STREAM_data_V' to 'axis' (register, both mode).
INFO: [RTGEN 206-500] Setting interface mode on port 'HLS_accel/INPUT_STREAM_keep_V' to 'axis' (register, both mode).
INFO: [RTGEN 206-500] Setting interface mode on port 'HLS_accel/INPUT_STREAM_strb_V' to 'axis' (register, both mode).
INFO: [RTGEN 206-500] Setting interface mode on port 'HLS_accel/INPUT_STREAM_user_V' to 'axis' (register, both mode).
INFO: [RTGEN 206-500] Setting interface mode on port 'HLS_accel/INPUT_STREAM_last_V' to 'axis' (register, both mode).
INFO: [RTGEN 206-500] Setting interface mode on port 'HLS_accel/INPUT_STREAM_id_V' to 'axis' (register, both mode).
INFO: [RTGEN 206-500] Setting interface mode on port 'HLS_accel/INPUT_STREAM_dest_V' to 'axis' (register, both mode).
INFO: [RTGEN 206-500] Setting interface mode on port 'HLS_accel/OUTPUT_STREAM_data_V' to 'axis' (register, both mode).
INFO: [RTGEN 206-500] Setting interface mode on port 'HLS_accel/OUTPUT_STREAM_keep_V' to 'axis' (register, both mode).
INFO: [RTGEN 206-500] Setting interface mode on port 'HLS_accel/OUTPUT_STREAM_strb_V' to 'axis' (register, both mode).
INFO: [RTGEN 206-500] Setting interface mode on port 'HLS_accel/OUTPUT_STREAM_user_V' to 'axis' (register, both mode).
INFO: [RTGEN 206-500] Setting interface mode on port 'HLS_accel/OUTPUT_STREAM_last_V' to 'axis' (register, both mode).
INFO: [RTGEN 206-500] Setting interface mode on port 'HLS_accel/OUTPUT_STREAM_id_V' to 'axis' (register, both mode).
INFO: [RTGEN 206-500] Setting interface mode on port 'HLS_accel/OUTPUT_STREAM_dest_V' to 'axis' (register, both mode).
INFO: [RTGEN 206-500] Setting interface mode on function 'HLS_accel' to 's_axilite & ap_ctrl_hs'.
INFO: [RTGEN 206-100] Bundling port 'return' to AXI-Lite port CONTROL_BUS.
INFO: [SYN 201-210] Renamed object name 'HLS_accel_fadd_32ns_32ns_32_5_full_dsp_1' to 'HLS_accel_fadd_32bkb' due to the length limit 20
INFO: [SYN 201-210] Renamed object name 'HLS_accel_fmul_32ns_32ns_32_4_max_dsp_1' to 'HLS_accel_fmul_32cud' due to the length limit 20
INFO: [SYN 201-210] Renamed object name 'HLS_accel_mac_muladd_7ns_6ns_6ns_12_1_1' to 'HLS_accel_mac_muldEe' due to the length limit 20
INFO: [SYN 201-210] Renamed object name 'HLS_accel_mac_muladd_6ns_7ns_6ns_11_1_1' to 'HLS_accel_mac_muleOg' due to the length limit 20
INFO: [SYN 201-210] Renamed object name 'HLS_accel_mac_muladd_6ns_7ns_6ns_12_1_1' to 'HLS_accel_ma