Copyright 1986-2018 Xilinx, Inc. All Rights Reserved.
------------------------------------------------------------------------------------
| Tool Version : Vivado v.2018.3 (win64) Build 2405991 Thu Dec  6 23:38:27 MST 2018
| Date         : Wed Apr 17 15:59:45 2024
| Host         : Zenbook_Tomtom running 64-bit major release  (build 9200)
| Command      : report_timing_summary -file ./report/HLS_accel_timing_routed.rpt
| Design       : bd_0_wrapper
| Device       : 7z020-clg484
| Speed File   : -1  PRODUCTION 1.11 2014-09-11
------------------------------------------------------------------------------------

Timing Summary Report

------------------------------------------------------------------------------------------------
| Timer Settings
| --------------
------------------------------------------------------------------------------------------------

  Enable Multi Corner Analysis               :  Yes
  Enable Pessimism Removal                   :  Yes
  Pessimism Removal Resolution               :  Nearest Common Node
  Enable Input Delay Default Clock           :  No
  Enable Preset / Clear Arcs                 :  No
  Disable Flight Delays                      :  No
  Ignore I/O Paths                           :  No
  Timing Early Launch at Borrowing Latches   :  false

  Corner  Analyze    Analyze    
  Name    Max Paths  Min Paths  
  ------  ---------  ---------  
  Slow    Yes        Yes        
  Fast    Yes        Yes        



check_timing report

Table of Contents
-----------------
1. checking no_clock
2. checking constant_clock
3. checking pulse_width_clock
4. checking unconstrained_internal_endpoints
5. checking no_input_delay
6. checking no_output_delay
7. checking multiple_clock
8. checking generated_clocks
9. checking loops
10. checking partial_input_delay
11. checking partial_output_delay
12. checking latch_loops

1. checking no_clock
--------------------
 There are 0 register/latch pins with no clock.


2. checking constant_clock
--------------------------
 There are 0 register/latch pins with constant_clock.


3. checking pulse_width_clock
-----------------------------
 There are 0 register/latch pins which need pulse_width check


4. checking unconstrained_internal_endpoints
--------------------------------------------
 There are 0 pins that are not constrained for maximum delay.

 There are 0 pins that are not constrained for maximum delay due to constant clock.


5. checking no_input_delay
--------------------------
 There are 52 input ports with no input delay specified. (HIGH)

 There are 0 input ports with no input delay but user has a false path constraint.


6. checking no_output_delay
---------------------------
 There are 46 ports with no output delay specified. (HIGH)

 There are 0 ports with no output delay but user has a false path constraint

 There are 0 ports with no output delay but with a timing clock defined on it or propagating through it


7. checking multiple_clock
--------------------------
 There are 0 register/latch pins with multiple clocks.


8. checking generated_clocks
----------------------------
 There are 0 generated clocks that are not connected to a clock source.


9. checking loops
-----------------
 There are 0 combinational loops in the design.


10. checking partial_input_delay
--------------------------------
 There are 0 input ports with partial input delay specified.


11. checking partial_output_delay
---------------------------------
 There are 0 ports with partial output delay specified.


12. checking latch_loops
------------------------
 There are 0 combinational latch loops in the design through latch input



------------------------------------------------------------------------------------------------
| Design Timing Summary
| ---------------------
------------------------------------------------------------------------------------------------

    WNS(ns)      TNS(ns)  TNS Failing Endpoints  TNS Total Endpoints      WHS(ns)      THS(ns)  THS Failing Endpoints  THS Total Endpoints     WPWS(ns)     TPWS(ns)  TPWS Failing Endpoints  TPWS Total Endpoints  
    -------      -------  ---------------------  -------------------      -------      -------  ---------------------  -------------------     --------     --------  ----------------------  --------------------  
      0.828        0.000                      0                11361        0.038        0.000                      0                11361        4.020        0.000                       0                  5931  


All user specified timing constraints are met.


------------------------------------------------------------------------------------------------
| Clock Summary
| -------------
------------------------------------------------------------------------------------------------

Clock   Waveform(ns)       Period(ns)      Frequency(MHz)
-----   ------------       ----------      --------------
ap_clk  {0.000 5.000}      10.000          100.000         


------------------------------------------------------------------------------------------------
| Intra Clock Table
| -----------------
------------------------------------------------------------------------------------------------

Clock             WNS(ns)      TNS(ns)  TNS Failing Endpoints  TNS Total Endpoints      WHS(ns)      THS(ns)  THS Failing Endpoints  THS Total Endpoints     WPWS(ns)     TPWS(ns)  TPWS Failing Endpoints  TPWS Total Endpoints  
-----             -------      -------  ---------------------  -------------------      -------      -------  ---------------------  -------------------     --------     --------  ----------------------  --------------------  
ap_clk              0.828        0.000                      0                11361        0.038        0.000                      0                11361        4.020        0.000                       0                  5931  


------------------------------------------------------------------------------------------------
| Inter Clock Table
| -----------------
------------------------------------------------------------------------------------------------

From Clock    To Clock          WNS(ns)      TNS(ns)  TNS Failing Endpoints  TNS Total Endpoints      WHS(ns)      THS(ns)  THS Failing Endpoints  THS Total Endpoints  
----------    --------          -------      -------  ---------------------  -------------------      -------      -------  ---------------------  -------------------  


------------------------------------------------------------------------------------------------
| Other Path Groups Table
| -----------------------
------------------------------------------------------------------------------------------------

Path Group    From Clock    To Clock          WNS(ns)      TNS(ns)  TNS Failing Endpoints  TNS Total Endpoints      WHS(ns)      THS(ns)  THS Failing Endpoints  THS Total Endpoints  
----------    ----------    --------          -------      -------  ---------------------  -------------------      -------      -------  ---------------------  -------------------  


------------------------------------------------------------------------------------------------
| Timing Details
| --------------
------------------------------------------------------------------------------------------------


---------------------------------------------------------------------------------------------------
From Clock:  ap_clk
  To Clock:  ap_clk

Setup :            0  Failing Endpoints,  Worst Slack        0.828ns,  Total Violation        0.000ns
Hold  :            0  Failing Endpoints,  Worst Slack        0.038ns,  Total Violation        0.000ns
PW    :            0  Failing Endpoints,  Worst Slack        4.020ns,  Total Violation        0.000ns
---------------------------------------------------------------------------------------------------


Max Delay Paths
--------------------------------------------------------------------------------------
Slack (MET) :             0.828ns  (required time - arrival time)
  Source:                 bd_0_i/hls_inst/inst/HLS_accel_fmul_32cud_U3/din1_buf1_reg[17]/C
                            (rising edge-triggered cell FDRE clocked by ap_clk  {rise@0.000ns fall@5.000ns period=10.000ns})
  Destination:            bd_0_i/hls_inst/inst/HLS_accel_fmul_32cud_U3/HLS_accel_ap_fmul_2_no_dsp_32_u/U0/i_synth/MULT.OP/MULT/QQ_VARIANT.MULT/MANT_MULT/logic_multiplier.m1/l[7].tree.assg.ai/ad/f/YES_REG.l[29].reg.n.eOn.f/D
                            (rising edge-triggered cell FDRE clocked by ap_clk  {rise@0.000ns fall@5.000ns period=10.000ns})
  Path Group:             ap_clk
  Path Type:              Setup (Max at Slow Process Corner)
  Requirement:            10.000ns  (ap_clk rise@10.000ns - ap_clk rise@0.000ns)
  Data Path Delay:        9.150ns  (logic 4.580ns (50.055%)  route 4.570ns (49.945%))
  Logic Levels:           14  (CARRY4=9 LUT2=1 LUT3=2 LUT4=2)
  Clock Path Skew:        -0.049ns (DCD - SCD + CPR)
    Destination Clock Delay (DCD):    0.924ns = ( 10.924 - 10.000 ) 
    Source Clock Delay      (SCD):    0.973ns
    Clock Pessimism Removal (CPR):    0.000ns
  Clock Uncertainty:      0.035ns  ((TSJ^2 + TIJ^2)^1/2 + DJ) / 2 + PE
    Total System Jitter     (TSJ):    0.071ns
    Total Input Jitter      (TIJ):    0.000ns
    Discrete Jitter          (DJ):    0.000ns
    Phase Error              (PE):    0.000ns

    Location             Delay type                Incr(ns)  Path(ns)    Netlist Resource(s)
  -------------------------------------------------------------------    -------------------
                         (clock ap_clk rise edge)     0.000     0.000 r  
                                                      0.000     0.000 r  ap_clk (IN)
                         net (fo=5933, unset)         0.973     0.973    bd_0_i/hls_inst/inst/HLS_accel_fmul_32cud_U3/ap_clk
    SLICE_X91Y20         FDRE                                         r  bd_0_i/hls_inst/inst/HLS_accel_fmul_32cud_U3/din1_buf1_reg[17]/C
  -------------------------------------------------------------------    -------------------
    SLICE_X91Y20         FDRE (Prop_fdre_C_Q)         0.456     1.429 r  bd_0_i/hls_inst/inst/HLS_accel_fmul_32cud_U3/din1_buf1_reg[17]/Q
                         net (fo=8, routed)           1.501     2.930    bd_0_i/hls_inst/inst/HLS_accel_fmul_32cud_U3/HLS_accel_ap_fmul_2_no_dsp_32_u/U0/i_synth/MULT.OP/MULT/QQ_VARIANT.MULT/MANT_MULT/logic_multiplier.m1/ctl[6].nt.ct/m2/s_axis_b_tdata[0]
    SLICE_X67Y16         LUT4 (Prop_lut4_I0_O)        0.124     3.054 r  bd_0_i/hls_inst/inst/HLS_accel_fmul_32cud_U3/HLS_accel_ap_fmul_2_no_dsp_32_u/U0/i_synth/MULT.OP/MULT/QQ_VARIANT.MULT/MANT_MULT/logic_multiplier.m1/ctl[6].nt.ct/m2/lt4.lt/O
                         net (fo=25, routed)          0.836     3.890    bd_0_i/hls_inst/inst/HLS_accel_fmul_32cud_U3/HLS_accel_ap_fmul_2_no_dsp_32_u/U0/i_synth/MULT.OP/MULT/QQ_VARIANT.MULT/MANT_MULT/logic_multiplier.m1/ppg[6].nt.ppi/cntrl[1]
    SLICE_X67Y18         LUT4 (Prop_lut4_I3_O)        0.124     4.014 r  bd_0_i/hls_inst/inst/HLS_accel_fmul_32cud_U3/HLS_accel_ap_fmul_2_no_dsp_32_u/U0/i_synth/MULT.OP/MULT/QQ_VARIANT.MULT/MANT_MULT/logic_multiplier.m1/ppg[6].nt.ppi/ad[1].mx/O
                         net (fo=2, routed)           0.000     4.014    bd_0_i/hls_inst/inst/HLS_accel_fmul_32cud_U3/HLS_accel_ap_fmul_2_no_dsp_32_u/U0/i_synth/MULT.OP/MULT/QQ_VARIANT.MULT/MANT_MULT/logic_multiplier.m1/ppg[6].nt.ppi/sint_1
    SLICE_X67Y18         CARRY4 (Prop_carry4_S[0]_CO[3])
                                                      0.532     4.546 r  bd_0_i/hls_inst/inst/HLS_accel_fmul_32cud_U3/HLS_accel_ap_fmul_2_no_dsp_32_u/U0/i_synth/MULT.OP/MULT/QQ_VARIANT.MULT/MANT_MULT/logic_multiplier.m1/ppg[6].nt.ppi/ad[1].ni.mxi.mc_CARRY4/CO[3]
                         net (fo=1, routed)           0.000     4.546    bd_0_i/hls_inst/inst/HLS_accel_fmul_32cud_U3/HLS_accel_ap_fmul_2_no_dsp_32_u/U0/i_synth/MULT.OP/MULT/QQ_VARIANT.MULT/MANT_MULT/logic_multiplier.m1/ppg[6].nt.ppi/cint_5
    SLICE_X67Y19         CARRY4 (Prop_carry4_CI_CO[3])
                                                      0.114     4.660 r  bd_0_i/hls_inst/inst/HLS_accel_fmul_32cud_U3/HLS_accel_ap_fmul_2_no_dsp_32_u/U0/i_synth/MULT.OP/MULT/QQ_VARIANT.MULT/MANT_MULT/logic_multiplier.m1/ppg[6].nt.ppi/ad[5].ni.mxi.mc_CARRY4/CO[3]
                         net (fo=1, routed)           0.000     4.660    bd_0_i/hls_inst/inst/HLS_accel_fmul_32cud_U3/HLS_accel_ap_fmul_2_no_dsp_32_u/U0/i_synth/MULT.OP/MULT/QQ_VARIANT.MULT/MANT_MULT/logic_multiplier.m1/ppg[6].nt.ppi/cint_9
    SLICE_X67Y20         CARRY4 (Prop_carry4_CI_O[3])
                                                      0.313     4.973 r  bd_0_i/hls_inst/inst/HLS_accel_fmul_32cud_U3/HLS_accel_ap_fmul_2_no_dsp_32_u/U0/i_synth/MULT.OP/MULT/QQ_VARIANT.MULT/MANT_MULT/logic_multiplier.m1/ppg[6].nt.ppi/ad[9].ni.mxi.mc_CARRY4/O[3]
                         net (fo=2, routed)           1.070     6.043    bd_0_i/hls_inst/inst/HLS_accel_fmul_32cud_U3/HLS_accel_ap_fmul_2_no_dsp_32_u/U0/i_synth/MULT.OP/MULT/QQ_VARIANT.MULT/MANT_MULT/logic_multiplier.m1/ppg[6].nt.ppi/f/ad[12].ni.nx.mxcy__0
    SLICE_X55Y18         LUT2 (Prop_lut2_I0_O)        0.332     6.375 r  bd_0_i/hls_inst/inst/HLS_accel_fmul_32cud_U3/HLS_accel_ap_fmul_2_no_dsp_32_u/U0/i_synth/MULT.OP/MULT/QQ_VARIANT.MULT/MANT_MULT/logic_multiplier.m1/ppg[6].nt.ppi/f/as[9].ngtb.mlut_i_1/O
                         net (fo=1, routed)           0.642     7.017    bd_0_i/hls_inst/inst/HLS_accel_fmul_32cud_U3/HLS_accel_ap_fmul_2_no_dsp_32_u/U0/i_synth/MULT.OP/MULT/QQ_VARIANT.MULT/MANT_MULT/logic_multiplier.m1/l[4].tree.assg.ai/ad/pp3_out[9]
    SLICE_X54Y18         LUT3 (Prop_lut3_I0_O)        0.326     7.343 r  bd_0_i/hls_inst/inst/HLS_accel_fmul_32cud_U3/HLS_accel_ap_fmul_2_no_dsp_32_u/U0/i_synth/MULT.OP/MULT/QQ_VARIANT.MULT/MANT_MULT/logic_multiplier.m1/l[4].tree.assg.ai/ad/as[9].ngtb.mlut/O
                         net (fo=1, routed)           0.000     7.343    bd_0_i/hls_inst/inst/HLS_accel_fmul_32cud_U3/HLS_accel_ap_fmul_2_no_dsp_32_u/U0/i_synth/MULT.OP/MULT/QQ_VARIANT.MULT/MANT_MULT/logic_multiplier.m1/l[4].tree.assg.ai/ad/sInt_9
    SLICE_X54Y18         CARRY4 (Prop_carry4_S[1]_CO[3])
                                                      0.533     7.876 r  bd_0_i/hls_inst/inst/HLS_accel_fmul_32cud_U3/HLS_accel_ap_fmul_2_no_dsp_32_u/U0/i_synth/MULT.OP/MULT/QQ_VARIANT.MULT/MANT_MULT/logic_multiplier.m1/l[4].tree.assg.ai/ad/as[8].ym.mc_CARRY4/CO[3]
                         net (fo=1, routed)           0.000     7.876    bd_0_i/hls_inst/inst/HLS_accel_fmul_32cud_U3/HLS_accel_ap_fmul_2_no_dsp_32_u/U0/i_synth/MULT.OP/MULT/QQ_VARIANT.MULT/MANT_MULT/logic_multiplier.m1/l[4].tree.assg.ai/ad/cInt_12
    SLICE_X54Y19         CARRY4 (Prop_carry4_CI_CO[3])
                                                      0.117     7.993 r  bd_0_i/hls_inst/inst/HLS_accel_fmul_32cud_U3/HLS_accel_ap_fmul_2_no_dsp_32_u/U0/i_synth/MULT.OP/MULT/QQ_VARIANT.MULT/MANT_MULT/logic_multiplier.m1/l[4].tree.assg.ai/ad/as[12].ym.mc_CARRY4/CO[3]
                         net (fo=1, routed)           0.000     7.993    bd_0_i/hls_inst/inst/HLS_accel_fmul_32cud_U3/HLS_accel_ap_fmul_2_no_dsp_32_u/U0/i_synth/MULT.OP/MULT/QQ_VARIANT.MULT/MANT_MULT/logic_multiplier.m1/l[4].tree.assg.ai/ad/cInt_16
    SLICE_X54Y20         CARRY4 (Prop_carry4_CI_O[1])
                                                      0.323     8.316 r  bd_0_i/hls_inst/inst/HLS_accel_fmul_32cud_U3/HLS_accel_ap_fmul_2_no_dsp_32_u/U0/i_synth/MULT.OP/MULT/QQ_VARIANT.MULT/MANT_MULT/logic_multiplier.m1/l[4].tree.assg.ai/ad/as[16].ym.mc_CARRY4/O[1]
                         net (fo=1, routed)           0.521     8.837    bd_0_i/hls_inst/inst/HLS_accel_fmul_32cud_U3/HLS_accel_ap_fmul_2_no_dsp_32_u/U0/i_synth/MULT.OP/MULT/QQ_VARIANT.MULT/MANT_MULT/logic_multiplier.m1/l[7].tree.assg.ai/ad/YES_REG.l[29].reg.n.eOn.f[20]
    SLICE_X56Y21         LUT3 (Prop_lut3_I1_O)        0.306     9.143 r  bd_0_i/hls_inst/inst/HLS_accel_fmul_32cud_U3/HLS_accel_ap_fmul_2_no_dsp_32_u/U0/i_synth/MULT.OP/MULT/QQ_VARIANT.MULT/MANT_MULT/logic_multiplier.m1/l[7].tree.assg.ai/ad/as[20].ngtb.mlut/O
                         net (fo=1, routed)           0.000     9.143    bd_0_i/hls_inst/inst/HLS_accel_fmul_32cud_U3/HLS_accel_ap_fmul_2_no_dsp_32_u/U0/i_synth/MULT.OP/MULT/QQ_VARIANT.MULT/MANT_MULT/logic_multiplier.m1/l[7].tree.assg.ai/ad/sInt_20
    SLICE_X56Y21         CARRY4 (Prop_carry4_S[0]_CO[3])
                                                      0.532     9.675 r  bd_0_i/hls_inst/inst/HLS_accel_fmul_32cud_U3/HLS_accel_ap_fmul_2_no_dsp_32_u/U0/i_synth/MULT.OP/MULT/QQ_VARIANT.MULT/MANT_MULT/logic_multiplier.m1/l[7].tree.assg.ai/ad/as[20].ym.mc_CARRY4/CO[3]
                         net (fo=1, routed)           0.000     9.675    bd_0_i/hls_inst/inst/HLS_accel_fmul_32cud_U3/HLS_accel_ap_fmul_2_no_dsp_32_u/U0/i_synth/MULT.OP/MULT/QQ_VARIANT.MULT/MANT_MULT/logic_multiplier.m1/l[7].tree.assg.ai/ad/cInt_24
    SLICE_X56Y22         CARRY4 (Prop_carry4_CI_CO[3])
                                                      0.114     9.789 r  bd_0_i/hls_inst/inst/HLS_accel_fmul_32cud_U3/HLS_accel_ap_fmul_2_no_dsp_32_u/U0/i_synth/MULT.OP/MULT/QQ_VARIANT.MULT/MANT_MULT/logic_multiplier.m1/l[7].tree.assg.ai/ad/as[24].ym.mc_CARRY4/CO[3]
                         net (fo=1, routed)           0.000     9.789    bd_0_i/hls_inst/inst/HLS_accel_fmul_32cud_U3/HLS_accel_ap_fmul_2_no_dsp_32_u/U0/i_synth/MULT.OP/MULT/QQ_VARIANT.MULT/MANT_MULT/logic_multiplier.m1/l[7].tree.assg.ai/ad/cInt_28
    SLICE_X56Y23         CARRY4 (Prop_carry4_CI_O[1])
                                                      0.334    10.123 r  bd_0_i/hls_inst/inst/HLS_accel_fmul_32cud_U3/HLS_accel_ap_fmul_2_no_dsp_32_u/U0/i_synth/MULT.OP/MULT/QQ_VARIANT.MULT/MANT_MULT/logic_multiplier.m1/l[7].tree.assg.ai/ad/as[28].ym.mc_CARRY4/O[1]
                         net (fo=1, routed)           0.000    10.123    bd_0_i/hls_inst/inst/HLS_accel_fmul_32cud_U3/HLS_accel_ap_fmul_2_no_dsp_32_u/U0/i_synth/MULT.OP/MULT/QQ_VARIANT.MULT/MANT_MULT/logic_multiplier.m1/l[7].tree.assg.ai/ad/f/qNoReg[29]
    SLICE_X56Y23         FDRE                                         r  bd_0_i/hls_inst/inst/HLS_accel_fmul_32cud_U3/HLS_accel_ap_fmul_2_no_dsp_32_u/U0/i_synth/MULT.OP/MULT/QQ_VARIANT.MULT/MANT_MULT/logic_multiplier.m1/l[7].tree.assg.ai/ad/f/YES_REG.l[29].reg.n.eOn.f/D
  -------------------------------------------------------------------    -------------------

                         (clock ap_clk rise edge)    10.000    10.000 r  
                                                      0.000    10.000 r  ap_clk (IN)
                         net (fo=5933, unset)         0.924    10.924    bd_0_i/hls_inst/inst/HLS_accel_fmul_32cud_U3/HLS_accel_ap_fmul_2_no_dsp_32_u/U0/i_synth/MULT.OP/MULT/QQ_VARIANT.MULT/MANT_MULT/logic_multiplier.m1/l[7].tree.assg.ai/ad/f/aclk
    SLICE_X56Y23         FDRE                                         r  bd_0_i/hls_inst/inst/HLS_accel_fmul_32cud_U3/HLS_accel_ap_fmul_2_no_dsp_32_u/U0/i_synth/MULT.OP/MULT/QQ_VARIANT.MULT/MANT_MULT/logic_multiplier.m1/l[7].tree.assg.ai/ad/f/YES_REG.l[29].reg.n.eOn.f/C
                         clock pessimism              0.000    10.924    
                         clock uncertainty           -0.035    10.889    
    SLICE_X56Y23         FDRE (Setup_fdre_C_D)        0.062    10.951    bd_0_i/hls_inst/inst/HLS_accel_fmul_32cud_U3/HLS_accel_ap_fmul_2_no_dsp_32_u/U0/i_synth/MULT.OP/MULT/QQ_VARIANT.MULT/MANT_MULT/logic_multiplier.m1/l[7].tree.assg.ai/ad/f/YES_REG.l[29].reg.n.eOn.f
  -------------------------------------------------------------------
                         required time                         10.951    
                         arrival time                         -10.123    
  -------------------------------------------------------------------
                         slack                                  0.828    





Min Delay Paths
--------------------------------------------------------------------------------------
Slack (MET) :             0.038ns  (arrival time - required time)
  Source:                 bd_0_i/hls_inst/inst/temp_33_reg_3257_reg[15]/C
                            (rising edge-triggered cell FDRE clocked by ap_clk  {rise@0.000ns fall@5.000ns period=10.000ns})
  Destination:            bd_0_i/hls_inst/inst/temp_33_reg_3257_pp2_iter7_reg_reg[15]_srl6/D
                            (rising edge-triggered cell SRL16E clocked by ap_clk  {rise@0.000ns fall@5.000ns period=10.000ns})
  Path Group:             ap_clk
  Path Type:              Hold (Min at Fast Process Corner)
  Requirement:            0.000ns  (ap_clk rise@0.000ns - ap_clk rise@0.000ns)
  Data Path Delay:        0.243ns  (logic 0.141ns (58.024%)  route 0.102ns (41.976%))
  Logic Levels:           0  
  Clock Path Skew:        0.022ns (DCD - SCD - CPR)
    Destination Clock Delay (DCD):    0.432ns
    Source Clock Delay      (SCD):    0.410ns
    Clock Pessimism Removal (CPR):    -0.000ns

    Location             Delay type                Incr(ns)  Path(ns)    Netlist Resource(s)
  -------------------------------------------------------------------    -------------------
                         (clock ap_clk rise edge)     0.000     0.000 r  
                                                      0.000     0.000 r  ap_clk (IN)
                         net (fo=5933, unset)         0.410     0.410    bd_0_i/hls_inst/inst/ap_clk
    SLICE_X29Y25         FDRE                                         r  bd_0_i/hls_inst/inst/temp_33_reg_3257_reg[15]/C
  -------------------------------------------------------------------    -------------------
    SLICE_X29Y25         FDRE (Prop_fdre_C_Q)         0.141     0.551 r  bd_0_i/hls_inst/inst/temp_33_reg_3257_reg[15]/Q
                         net (fo=1, routed)           0.102     0.653    bd_0_i/hls_inst/inst/temp_33_reg_3257[15]
    SLICE_X30Y25         SRL16E                                       r  bd_0_i/hls_inst/inst/temp_33_reg_3257_pp2_iter7_reg_reg[15]_srl6/D
  -------------------------------------------------------------------    -------------------

                         (clock ap_clk rise edge)     0.000     0.000 r  
                                                      0.000     0.000 r  ap_clk (IN)
                         net (fo=5933, unset)         0.432     0.432    bd_0_i/hls_inst/inst/ap_clk
    SLICE_X30Y25         SRL16E                                       r  bd_0_i/hls_inst/inst/temp_33_reg_3257_pp2_iter7_reg_reg[15]_srl6/CLK
                         clock pessimism              0.000     0.432    
    SLICE_X30Y25         SRL16E (Hold_srl16e_CLK_D)
                                                      0.183     0.615    bd_0_i/hls_inst/inst/temp_33_reg_3257_pp2_iter7_reg_reg[15]_srl6
  -------------------------------------------------------------------
                         required time                         -0.615    
                         arrival time                           0.653    
  -------------------------------------------------------------------
                         slack                                  0.038    





Pulse Width Checks
--------------------------------------------------------------------------------------
Clock Name:         ap_clk
Waveform(ns):       { 0.000 5.000 }
Period(ns):         10.000
Sources:            { ap_clk }

Check Type        Corner  Lib Pin             Reference Pin  Required(ns)  Actual(ns)  Slack(ns)  Location      Pin
Min Period        n/a     RAMB36E1/CLKARDCLK  n/a            2.944         10.000      7.056      RAMB36_X4Y2   bd_0_i/hls_inst/inst/a_U/HLS_accel_a_ram_U/ram_reg_0/CLKARDCLK
Low Pulse Width   Fast    SRL16E/CLK          n/a            0.980         5.000       4.020      SLICE_X26Y21  bd_0_i/hls_inst/inst/temp_31_reg_3247_pp2_iter6_reg_reg[0]_srl5/CLK
High Pulse Width  Slow    SRL16E/CLK          n/a            0.980         5.000       4.020      SLICE_X26Y21  bd_0_i/hls_inst/inst/temp_31_reg_3247_pp2_iter6_reg_reg[0]_srl5/CLK



