Copyright 1986-2018 Xilinx, Inc. All Rights Reserved.
------------------------------------------------------------------------------------
| Tool Version : Vivado v.2018.3 (win64) Build 2405991 Thu Dec  6 23:38:27 MST 2018
| Date         : Wed Apr 17 15:55:09 2024
| Host         : Zenbook_Tomtom running 64-bit major release  (build 9200)
| Command      : report_timing_summary -file ./report/HLS_accel_timing_synth.rpt
| Design       : bd_0_wrapper
| Device       : 7z020-clg484
| Speed File   : -1  PRODUCTION 1.11 2014-09-11
------------------------------------------------------------------------------------

Timing Summary Report

------------------------------------------------------------------------------------------------
| Timer Settings
| --------------
------------------------------------------------------------------------------------------------

  Enable Multi Corner Analysis               :  Yes
  Enable Pessimism Removal                   :  Yes
  Pessimism Removal Resolution               :  Nearest Common Node
  Enable Input Delay Default Clock           :  No
  Enable Preset / Clear Arcs                 :  No
  Disable Flight Delays                      :  No
  Ignore I/O Paths                           :  No
  Timing Early Launch at Borrowing Latches   :  false

  Corner  Analyze    Analyze    
  Name    Max Paths  Min Paths  
  ------  ---------  ---------  
  Slow    Yes        Yes        
  Fast    Yes        Yes        



check_timing report

Table of Contents
-----------------
1. checking no_clock
2. checking constant_clock
3. checking pulse_width_clock
4. checking unconstrained_internal_endpoints
5. checking no_input_delay
6. checking no_output_delay
7. checking multiple_clock
8. checking generated_clocks
9. checking loops
10. checking partial_input_delay
11. checking partial_output_delay
12. checking latch_loops

1. checking no_clock
--------------------
 There are 0 register/latch pins with no clock.


2. checking constant_clock
--------------------------
 There are 0 register/latch pins with constant_clock.


3. checking pulse_width_clock
-----------------------------
 There are 0 register/latch pins which need pulse_width check


4. checking unconstrained_internal_endpoints
--------------------------------------------
 There are 0 pins that are not constrained for maximum delay.

 There are 0 pins that are not constrained for maximum delay due to constant clock.


5. checking no_input_delay
--------------------------
 There are 52 input ports with no input delay specified. (HIGH)

 There are 0 input ports with no input delay but user has a false path constraint.


6. checking no_output_delay
---------------------------
 There are 46 ports with no output delay specified. (HIGH)

 There are 0 ports with no output delay but user has a false path constraint

 There are 0 ports with no output delay but with a timing clock defined on it or propagating through it


7. checking multiple_clock
--------------------------
 There are 0 register/latch pins with multiple clocks.


8. checking generated_clocks
----------------------------
 There are 0 generated clocks that are not connected to a clock source.


9. checking loops
-----------------
 There are 0 combinational loops in the design.


10. checking partial_input_delay
--------------------------------
 There are 0 input ports with partial input delay specified.


11. checking partial_output_delay
---------------------------------
 There are 0 ports with partial output delay specified.


12. checking latch_loops
------------------------
 There are 0 combinational latch loops in the design through latch input



------------------------------------------------------------------------------------------------
| Design Timing Summary
| ---------------------
------------------------------------------------------------------------------------------------

    WNS(ns)      TNS(ns)  TNS Failing Endpoints  TNS Total Endpoints      WHS(ns)      THS(ns)  THS Failing Endpoints  THS Total Endpoints     WPWS(ns)     TPWS(ns)  TPWS Failing Endpoints  TPWS Total Endpoints  
    -------      -------  ---------------------  -------------------      -------      -------  ---------------------  -------------------     --------     --------  ----------------------  --------------------  
      1.845        0.000                      0                11365        0.219        0.000                      0                11365        4.020        0.000                       0                  5941  


All user specified timing constraints are met.


------------------------------------------------------------------------------------------------
| Clock Summary
| -------------
------------------------------------------------------------------------------------------------

Clock   Waveform(ns)       Period(ns)      Frequency(MHz)
-----   ------------       ----------      --------------
ap_clk  {0.000 5.000}      10.000          100.000         


------------------------------------------------------------------------------------------------
| Intra Clock Table
| -----------------
------------------------------------------------------------------------------------------------

Clock             WNS(ns)      TNS(ns)  TNS Failing Endpoints  TNS Total Endpoints      WHS(ns)      THS(ns)  THS Failing Endpoints  THS Total Endpoints     WPWS(ns)     TPWS(ns)  TPWS Failing Endpoints  TPWS Total Endpoints  
-----             -------      -------  ---------------------  -------------------      -------      -------  ---------------------  -------------------     --------     --------  ----------------------  --------------------  
ap_clk              1.845        0.000                      0                11365        0.219        0.000                      0                11365        4.020        0.000                       0                  5941  


------------------------------------------------------------------------------------------------
| Inter Clock Table
| -----------------
------------------------------------------------------------------------------------------------

From Clock    To Clock          WNS(ns)      TNS(ns)  TNS Failing Endpoints  TNS Total Endpoints      WHS(ns)      THS(ns)  THS Failing Endpoints  THS Total Endpoints  
----------    --------          -------      -------  ---------------------  -------------------      -------      -------  ---------------------  -------------------  


------------------------------------------------------------------------------------------------
| Other Path Groups Table
| -----------------------
------------------------------------------------------------------------------------------------

Path Group    From Clock    To Clock          WNS(ns)      TNS(ns)  TNS Failing Endpoints  TNS Total Endpoints      WHS(ns)      THS(ns)  THS Failing Endpoints  THS Total Endpoints  
----------    ----------    --------          -------      -------  ---------------------  -------------------      -------      -------  ---------------------  -------------------  


------------------------------------------------------------------------------------------------
| Timing Details
| --------------
------------------------------------------------------------------------------------------------


---------------------------------------------------------------------------------------------------
From Clock:  ap_clk
  To Clock:  ap_clk

Setup :            0  Failing Endpoints,  Worst Slack        1.845ns,  Total Violation        0.000ns
Hold  :            0  Failing Endpoints,  Worst Slack        0.219ns,  Total Violation        0.000ns
PW    :            0  Failing Endpoints,  Worst Slack        4.020ns,  Total Violation        0.000ns
---------------------------------------------------------------------------------------------------


Max Delay Paths
--------------------------------------------------------------------------------------
Slack (MET) :             1.845ns  (required time - arrival time)
  Source:                 bd_0_i/hls_inst/inst/HLS_accel_fmul_32cud_U3/HLS_accel_ap_fmul_2_no_dsp_32_u/U0/i_synth/MULT.OP/MULT/QQ_VARIANT.MULT/MANT_MULT/logic_multiplier.m1/l[6].tree.assg.ai/ad/f/YES_REG.l[7].reg.n.eOn.f/C
                            (rising edge-triggered cell FDRE clocked by ap_clk  {rise@0.000ns fall@5.000ns period=10.000ns})
  Destination:            bd_0_i/hls_inst/inst/HLS_accel_fmul_32cud_U3/HLS_accel_ap_fmul_2_no_dsp_32_u/U0/i_synth/MULT.OP/OP/RESULT_REG.NORMAL.exp_op_reg[4]/D
                            (rising edge-triggered cell FDRE clocked by ap_clk  {rise@0.000ns fall@5.000ns period=10.000ns})
  Path Group:             ap_clk
  Path Type:              Setup (Max at Slow Process Corner)
  Requirement:            10.000ns  (ap_clk rise@10.000ns - ap_clk rise@0.000ns)
  Data Path Delay:        8.148ns  (logic 5.456ns (66.961%)  route 2.692ns (33.039%))
  Logic Levels:           21  (CARRY4=17 LUT2=1 LUT3=2 LUT4=1)
  Clock Path Skew:        -0.049ns (DCD - SCD + CPR)
    Destination Clock Delay (DCD):    0.924ns = ( 10.924 - 10.000 ) 
    Source Clock Delay      (SCD):    0.973ns
    Clock Pessimism Removal (CPR):    0.000ns
  Clock Uncertainty:      0.035ns  ((TSJ^2 + TIJ^2)^1/2 + DJ) / 2 + PE
    Total System Jitter     (TSJ):    0.071ns
    Total Input Jitter      (TIJ):    0.000ns
    Discrete Jitter          (DJ):    0.000ns
    Phase Error              (PE):    0.000ns

    Location             Delay type                Incr(ns)  Path(ns)    Netlist Resource(s)
  -------------------------------------------------------------------    -------------------
                         (clock ap_clk rise edge)     0.000     0.000 r  
                                                      0.000     0.000 r  ap_clk (IN)
                         net (fo=5943, unset)         0.973     0.973    bd_0_i/hls_inst/inst/HLS_accel_fmul_32cud_U3/HLS_accel_ap_fmul_2_no_dsp_32_u/U0/i_synth/MULT.OP/MULT/QQ_VARIANT.MULT/MANT_MULT/logic_multiplier.m1/l[6].tree.assg.ai/ad/f/aclk
                         FDRE                                         r  bd_0_i/hls_inst/inst/HLS_accel_fmul_32cud_U3/HLS_accel_ap_fmul_2_no_dsp_32_u/U0/i_synth/MULT.OP/MULT/QQ_VARIANT.MULT/MANT_MULT/logic_multiplier.m1/l[6].tree.assg.ai/ad/f/YES_REG.l[7].reg.n.eOn.f/C
  -------------------------------------------------------------------    -------------------
                         FDRE (Prop_fdre_C_Q)         0.518     1.491 r  bd_0_i/hls_inst/inst/HLS_accel_fmul_32cud_U3/HLS_accel_ap_fmul_2_no_dsp_32_u/U0/i_synth/MULT.OP/MULT/QQ_VARIANT.MULT/MANT_MULT/logic_multiplier.m1/l[6].tree.assg.ai/ad/f/YES_REG.l[7].reg.n.eOn.f/Q
                         net (fo=2, unplaced)         0.752     2.243    bd_0_i/hls_inst/inst/HLS_accel_fmul_32cud_U3/HLS_accel_ap_fmul_2_no_dsp_32_u/U0/i_synth/MULT.OP/MULT/QQ_VARIANT.MULT/MANT_MULT/logic_multiplier.m1/l[9].tree.assg.ai/ad/q[1]
                         LUT3 (Prop_lut3_I0_O)        0.295     2.538 r  bd_0_i/hls_inst/inst/HLS_accel_fmul_32cud_U3/HLS_accel_ap_fmul_2_no_dsp_32_u/U0/i_synth/MULT.OP/MULT/QQ_VARIANT.MULT/MANT_MULT/logic_multiplier.m1/l[9].tree.assg.ai/ad/as[1].ngtb.mlut/O
                         net (fo=1, unplaced)         0.000     2.538    bd_0_i/hls_inst/inst/HLS_accel_fmul_32cud_U3/HLS_accel_ap_fmul_2_no_dsp_32_u/U0/i_synth/MULT.OP/MULT/QQ_VARIANT.MULT/MANT_MULT/logic_multiplier.m1/l[9].tree.assg.ai/ad/sInt_1
                         CARRY4 (Prop_carry4_S[1]_CO[3])
                                                      0.533     3.071 r  bd_0_i/hls_inst/inst/HLS_accel_fmul_32cud_U3/HLS_accel_ap_fmul_2_no_dsp_32_u/U0/i_synth/MULT.OP/MULT/QQ_VARIANT.MULT/MANT_MULT/logic_multiplier.m1/l[9].tree.assg.ai/ad/as[0].ym.mc_CARRY4/CO[3]
                         net (fo=1, unplaced)         0.009     3.080    bd_0_i/hls_inst/inst/HLS_accel_fmul_32cud_U3/HLS_accel_ap_fmul_2_no_dsp_32_u/U0/i_synth/MULT.OP/MULT/QQ_VARIANT.MULT/MANT_MULT/logic_multiplier.m1/l[9].tree.assg.ai/ad/cInt_4
                         CARRY4 (Prop_carry4_CI_O[3])
                                                      0.331     3.411 f  bd_0_i/hls_inst/inst/HLS_accel_fmul_32cud_U3/HLS_accel_ap_fmul_2_no_dsp_32_u/U0/i_synth/MULT.OP/MULT/QQ_VARIANT.MULT/MANT_MULT/logic_multiplier.m1/l[9].tree.assg.ai/ad/as[4].ym.mc_CARRY4/O[3]
                         net (fo=1, unplaced)         0.618     4.029    bd_0_i/hls_inst/inst/HLS_accel_fmul_32cud_U3/HLS_accel_ap_fmul_2_no_dsp_32_u/U0/i_synth/MULT.OP/MULT/QQ_VARIANT.MULT/MANT_MULT/logic_multiplier.m1/l[11].tree.assf.ai/dzt.nzt.nonZeroDet/as[1].flut.mlut/s[3]
                         LUT4 (Prop_lut4_I3_O)        0.307     4.336 r  bd_0_i/hls_inst/inst/HLS_accel_fmul_32cud_U3/HLS_accel_ap_fmul_2_no_dsp_32_u/U0/i_synth/MULT.OP/MULT/QQ_VARIANT.MULT/MANT_MULT/logic_multiplier.m1/l[11].tree.assf.ai/dzt.nzt.nonZeroDet/as[1].flut.mlut/w4.lt/O
                         net (fo=1, unplaced)         0.000     4.336    bd_0_i/hls_inst/inst/HLS_accel_fmul_32cud_U3/HLS_accel_ap_fmul_2_no_dsp_32_u/U0/i_synth/MULT.OP/MULT/QQ_VARIANT.MULT/MANT_MULT/logic_multiplier.m1/l[9].tree.assg.ai/zdT.detZero/lopt_5
                         CARRY4 (Prop_carry4_S[3]_CO[3])
                                                      0.376     4.712 r  bd_0_i/hls_inst/inst/HLS_accel_fmul_32cud_U3/HLS_accel_ap_fmul_2_no_dsp_32_u/U0/i_synth/MULT.OP/MULT/QQ_VARIANT.MULT/MANT_MULT/logic_multiplier.m1/l[9].tree.assg.ai/zdT.detZero/as[0].mc_CARRY4/CO[3]
                         net (fo=1, unplaced)         0.009     4.721    bd_0_i/hls_inst/inst/HLS_accel_fmul_32cud_U3/HLS_accel_ap_fmul_2_no_dsp_32_u/U0/i_synth/MULT.OP/MULT/QQ_VARIANT.MULT/MANT_MULT/logic_multiplier.m1/l[11].tree.assf.ai/dzt.nzt.nonZeroDet/cInt_2
                         CARRY4 (Prop_carry4_CI_CO[3])
                                                      0.117     4.838 r  bd_0_i/hls_inst/inst/HLS_accel_fmul_32cud_U3/HLS_accel_ap_fmul_2_no_dsp_32_u/U0/i_synth/MULT.OP/MULT/QQ_VARIANT.MULT/MANT_MULT/logic_multiplier.m1/l[11].tree.assf.ai/dzt.nzt.nonZeroDet/as[2].mc_CARRY4/CO[3]
                         net (fo=1, unplaced)         0.000     4.838    bd_0_i/hls_inst/inst/HLS_accel_fmul_32cud_U3/HLS_accel_ap_fmul_2_no_dsp_32_u/U0/i_synth/MULT.OP/MULT/QQ_VARIANT.MULT/MANT_MULT/logic_multiplier.m1/l[11].tree.assf.ai/be.ad/cInt_2
                         CARRY4 (Prop_carry4_CI_CO[3])
                                                      0.117     4.955 r  bd_0_i/hls_inst/inst/HLS_accel_fmul_32cud_U3/HLS_accel_ap_fmul_2_no_dsp_32_u/U0/i_synth/MULT.OP/MULT/QQ_VARIANT.MULT/MANT_MULT/logic_multiplier.m1/l[11].tree.assf.ai/be.ad/as[2].ym.mc_CARRY4/CO[3]
                         net (fo=1, unplaced)         0.000     4.955    bd_0_i/hls_inst/inst/HLS_accel_fmul_32cud_U3/HLS_accel_ap_fmul_2_no_dsp_32_u/U0/i_synth/MULT.OP/MULT/QQ_VARIANT.MULT/MANT_MULT/logic_multiplier.m1/l[11].tree.assf.ai/be.ad/cInt_6
                         CARRY4 (Prop_carry4_CI_CO[3])
                                                      0.117     5.072 r  bd_0_i/hls_inst/inst/HLS_accel_fmul_32cud_U3/HLS_accel_ap_fmul_2_no_dsp_32_u/U0/i_synth/MULT.OP/MULT/QQ_VARIANT.MULT/MANT_MULT/logic_multiplier.m1/l[11].tree.assf.ai/be.ad/as[6].ym.mc_CARRY4/CO[3]
                         net (fo=1, unplaced)         0.000     5.072    bd_0_i/hls_inst/inst/HLS_accel_fmul_32cud_U3/HLS_accel_ap_fmul_2_no_dsp_32_u/U0/i_synth/MULT.OP/MULT/QQ_VARIANT.MULT/MANT_MULT/logic_multiplier.m1/l[11].tree.assf.ai/be.ad/cInt_10
                         CARRY4 (Prop_carry4_CI_CO[3])
                                                      0.117     5.189 r  bd_0_i/hls_inst/inst/HLS_accel_fmul_32cud_U3/HLS_accel_ap_fmul_2_no_dsp_32_u/U0/i_synth/MULT.OP/MULT/QQ_VARIANT.MULT/MANT_MULT/logic_multiplier.m1/l[11].tree.assf.ai/be.ad/as[10].ym.mc_CARRY4/CO[3]
                         net (fo=1, unplaced)         0.000     5.189    bd_0_i/hls_inst/inst/HLS_accel_fmul_32cud_U3/HLS_accel_ap_fmul_2_no_dsp_32_u/U0/i_synth/MULT.OP/MULT/QQ_VARIANT.MULT/MANT_MULT/logic_multiplier.m1/l[11].tree.assf.ai/be.ad/cInt_14
                         CARRY4 (Prop_carry4_CI_CO[3])
                                                      0.117     5.306 r  bd_0_i/hls_inst/inst/HLS_accel_fmul_32cud_U3/HLS_accel_ap_fmul_2_no_dsp_32_u/U0/i_synth/MULT.OP/MULT/QQ_VARIANT.MULT/MANT_MULT/logic_multiplier.m1/l[11].tree.assf.ai/be.ad/as[14].ym.mc_CARRY4/CO[3]
                         net (fo=1, unplaced)         0.000     5.306    bd_0_i/hls_inst/inst/HLS_accel_fmul_32cud_U3/HLS_accel_ap_fmul_2_no_dsp_32_u/U0/i_synth/MULT.OP/MULT/QQ_VARIANT.MULT/MANT_MULT/logic_multiplier.m1/l[11].tree.assf.ai/be.ad/cInt_18
                         CARRY4 (Prop_carry4_CI_CO[3])
                                                      0.117     5.423 r  bd_0_i/hls_inst/inst/HLS_accel_fmul_32cud_U3/HLS_accel_ap_fmul_2_no_dsp_32_u/U0/i_synth/MULT.OP/MULT/QQ_VARIANT.MULT/MANT_MULT/logic_multiplier.m1/l[11].tree.assf.ai/be.ad/as[18].ym.mc_CARRY4/CO[3]
                         net (fo=1, unplaced)         0.000     5.423    bd_0_i/hls_inst/inst/HLS_accel_fmul_32cud_U3/HLS_accel_ap_fmul_2_no_dsp_32_u/U0/i_synth/MULT.OP/MULT/QQ_VARIANT.MULT/MANT_MULT/logic_multiplier.m1/l[11].tree.assf.ai/be.ad/cInt_22
                         CARRY4 (Prop_carry4_CI_O[3])
                                                      0.331     5.754 r  bd_0_i/hls_inst/inst/HLS_accel_fmul_32cud_U3/HLS_accel_ap_fmul_2_no_dsp_32_u/U0/i_synth/MULT.OP/MULT/QQ_VARIANT.MULT/MANT_MULT/logic_multiplier.m1/l[11].tree.assf.ai/be.ad/as[22].ym.mc_CARRY4/O[3]
                         net (fo=28, unplaced)        0.686     6.440    bd_0_i/hls_inst/inst/HLS_accel_fmul_32cud_U3/HLS_accel_ap_fmul_2_no_dsp_32_u/U0/i_synth/MULT.OP/MULT/QQ_VARIANT.MULT/MANT_MULT/logic_multiplier.m1/l[11].tree.assf.ai/be.ad/q[0]
                         LUT3 (Prop_lut3_I1_O)        0.307     6.747 r  bd_0_i/hls_inst/inst/HLS_accel_fmul_32cud_U3/HLS_accel_ap_fmul_2_no_dsp_32_u/U0/i_synth/MULT.OP/MULT/QQ_VARIANT.MULT/MANT_MULT/logic_multiplier.m1/l[11].tree.assf.ai/be.ad/CHAIN_GEN[2].C_MUX.CARRY_MUX_i_1__0/O
                         net (fo=1, unplaced)         0.000     6.747    bd_0_i/hls_inst/inst/HLS_accel_fmul_32cud_U3/HLS_accel_ap_fmul_2_no_dsp_32_u/U0/i_synth/MULT.OP/R_AND_R/LOGIC.R_AND_R/LOGIC.RND1/RESULT_REG.NORMAL.mant_op_reg[11][2]
                         CARRY4 (Prop_carry4_S[1]_CO[3])
                                                      0.533     7.280 r  bd_0_i/hls_inst/inst/HLS_accel_fmul_32cud_U3/HLS_accel_ap_fmul_2_no_dsp_32_u/U0/i_synth/MULT.OP/R_AND_R/LOGIC.R_AND_R/LOGIC.RND1/CHAIN_GEN[1].C_MUX.CARRY_MUX_CARRY4/CO[3]
                         net (fo=1, unplaced)         0.000     7.280    bd_0_i/hls_inst/inst/HLS_accel_fmul_32cud_U3/HLS_accel_ap_fmul_2_no_dsp_32_u/U0/i_synth/MULT.OP/R_AND_R/LOGIC.R_AND_R/LOGIC.RND1/CHAIN_GEN[4].C_MUX.CARRY_MUX_n_3
                         CARRY4 (Prop_carry4_CI_CO[3])
                                                      0.117     7.397 r  bd_0_i/hls_inst/inst/HLS_accel_fmul_32cud_U3/HLS_accel_ap_fmul_2_no_dsp_32_u/U0/i_synth/MULT.OP/R_AND_R/LOGIC.R_AND_R/LOGIC.RND1/CHAIN_GEN[5].C_MUX.CARRY_MUX_CARRY4/CO[3]
                         net (fo=1, unplaced)         0.000     7.397    bd_0_i/hls_inst/inst/HLS_accel_fmul_32cud_U3/HLS_accel_ap_fmul_2_no_dsp_32_u/U0/i_synth/MULT.OP/R_AND_R/LOGIC.R_AND_R/LOGIC.RND1/CHAIN_GEN[8].C_MUX.CARRY_MUX_n_3
                         CARRY4 (Prop_carry4_CI_CO[3])
                                                      0.117     7.514 r  bd_0_i/hls_inst/inst/HLS_accel_fmul_32cud_U3/HLS_accel_ap_fmul_2_no_dsp_32_u/U0/i_synth/MULT.OP/R_AND_R/LOGIC.R_AND_R/LOGIC.RND1/CHAIN_GEN[9].C_MUX.CARRY_MUX_CARRY4/CO[3]
                         net (fo=1, unplaced)         0.000     7.514    bd_0_i/hls_inst/inst/HLS_accel_fmul_32cud_U3/HLS_accel_ap_fmul_2_no_dsp_32_u/U0/i_synth/MULT.OP/R_AND_R/LOGIC.R_AND_R/LOGIC.RND2/CHAIN_GEN[0].C_MUX.CARRY_MUX_n_3
                         CARRY4 (Prop_carry4_CI_CO[3])
                                                      0.117     7.631 r  bd_0_i/hls_inst/inst/HLS_accel_fmul_32cud_U3/HLS_accel_ap_fmul_2_no_dsp_32_u/U0/i_synth/MULT.OP/R_AND_R/LOGIC.R_AND_R/LOGIC.RND2/CHAIN_GEN[1].C_MUX.CARRY_MUX_CARRY4/CO[3]
                         net (fo=1, unplaced)         0.000     7.631    bd_0_i/hls_inst/inst/HLS_accel_fmul_32cud_U3/HLS_accel_ap_fmul_2_no_dsp_32_u/U0/i_synth/MULT.OP/R_AND_R/LOGIC.R_AND_R/LOGIC.RND2/CHAIN_GEN[4].C_MUX.CARRY_MUX_n_3
                         CARRY4 (Prop_carry4_CI_CO[3])
                                                      0.117     7.748 r  bd_0_i/hls_inst/inst/HLS_accel_fmul_32cud_U3/HLS_accel_ap_fmul_2_no_dsp_32_u/U0/i_synth/MULT.OP/R_AND_R/LOGIC.R_AND_R/LOGIC.RND2/CHAIN_GEN[5].C_MUX.CARRY_MUX_CARRY4/CO[3]
                         net (fo=1, unplaced)         0.000     7.748    bd_0_i/hls_inst/inst/HLS_accel_fmul_32cud_U3/HLS_accel_ap_fmul_2_no_dsp_32_u/U0/i_synth/MULT.OP/R_AND_R/LOGIC.R_AND_R/LOGIC.RND2/CHAIN_GEN[8].C_MUX.CARRY_MUX_n_3
                         CARRY4 (Prop_carry4_CI_CO[3])
                                                      0.117     7.865 r  bd_0_i/hls_inst/inst/HLS_accel_fmul_32cud_U3/HLS_accel_ap_fmul_2_no_dsp_32_u/U0/i_synth/MULT.OP/R_AND_R/LOGIC.R_AND_R/LOGIC.RND2/CHAIN_GEN[9].C_MUX.CARRY_MUX_CARRY4/CO[3]
                         net (fo=1, unplaced)         0.000     7.865    bd_0_i/hls_inst/inst/HLS_accel_fmul_32cud_U3/HLS_accel_ap_fmul_2_no_dsp_32_u/U0/i_synth/MULT.OP/R_AND_R/LOGIC.R_AND_R/EXP_ADD.ADD/CHAIN_GEN[0].C_MUX.CARRY_MUX_n_3
                         CARRY4 (Prop_carry4_CI_O[3])
                                                      0.331     8.196 r  bd_0_i/hls_inst/inst/HLS_accel_fmul_32cud_U3/HLS_accel_ap_fmul_2_no_dsp_32_u/U0/i_synth/MULT.OP/R_AND_R/LOGIC.R_AND_R/EXP_ADD.ADD/CHAIN_GEN[1].C_MUX.CARRY_MUX_CARRY4/O[3]
                         net (fo=1, unplaced)         0.618     8.814    bd_0_i/hls_inst/inst/HLS_accel_fmul_32cud_U3/HLS_accel_ap_fmul_2_no_dsp_32_u/U0/i_synth/MULT.OP/R_AND_R/LOGIC.R_AND_R/EXP_ADD.ADD/exp_rnd[4]
                         LUT2 (Prop_lut2_I0_O)        0.307     9.121 r  bd_0_i/hls_inst/inst/HLS_accel_fmul_32cud_U3/HLS_accel_ap_fmul_2_no_dsp_32_u/U0/i_synth/MULT.OP/R_AND_R/LOGIC.R_AND_R/EXP_ADD.ADD/RESULT_REG.NORMAL.exp_op[4]_i_1/O
                         net (fo=1, unplaced)         0.000     9.121    bd_0_i/hls_inst/inst/HLS_accel_fmul_32cud_U3/HLS_accel_ap_fmul_2_no_dsp_32_u/U0/i_synth/MULT.OP/OP/RESULT_REG.NORMAL.exp_op_reg[4]_0
                         FDRE                                         r  bd_0_i/hls_inst/inst/HLS_accel_fmul_32cud_U3/HLS_accel_ap_fmul_2_no_dsp_32_u/U0/i_synth/MULT.OP/OP/RESULT_REG.NORMAL.exp_op_reg[4]/D
  -------------------------------------------------------------------    -------------------

                         (clock ap_clk rise edge)    10.000    10.000 r  
                                                      0.000    10.000 r  ap_clk (IN)
                         net (fo=5943, unset)         0.924    10.924    bd_0_i/hls_inst/inst/HLS_accel_fmul_32cud_U3/HLS_accel_ap_fmul_2_no_dsp_32_u/U0/i_synth/MULT.OP/OP/aclk
                         FDRE                                         r  bd_0_i/hls_inst/inst/HLS_accel_fmul_32cud_U3/HLS_accel_ap_fmul_2_no_dsp_32_u/U0/i_synth/MULT.OP/OP/RESULT_REG.NORMAL.exp_op_reg[4]/C
                         clock pessimism              0.000    10.924    
                         clock uncertainty           -0.035    10.889    
                         FDRE (Setup_fdre_C_D)        0.077    10.966    bd_0_i/hls_inst/inst/HLS_accel_fmul_32cud_U3/HLS_accel_ap_fmul_2_no_dsp_32_u/U0/i_synth/MULT.OP/OP/RESULT_REG.NORMAL.exp_op_reg[4]
  -------------------------------------------------------------------
                         required time                         10.966    
                         arrival time                          -9.121    
  -------------------------------------------------------------------
                         slack                                  1.845    





Min Delay Paths
--------------------------------------------------------------------------------------
Slack (MET) :             0.219ns  (arrival time - required time)
  Source:                 bd_0_i/hls_inst/inst/temp_13_reg_2977_reg[0]/C
                            (rising edge-triggered cell FDRE clocked by ap_clk  {rise@0.000ns fall@5.000ns period=10.000ns})
  Destination:            bd_0_i/hls_inst/inst/temp_13_reg_2977_pp2_iter2_reg_reg[0]_srl2/D
                            (rising edge-triggered cell SRL16E clocked by ap_clk  {rise@0.000ns fall@5.000ns period=10.000ns})
  Path Group:             ap_clk
  Path Type:              Hold (Min at Fast Process Corner)
  Requirement:            0.000ns  (ap_clk rise@0.000ns - ap_clk rise@0.000ns)
  Data Path Delay:        0.305ns  (logic 0.164ns (53.808%)  route 0.141ns (46.192%))
  Logic Levels:           0  
  Clock Path Skew:        0.022ns (DCD - SCD - CPR)
    Destination Clock Delay (DCD):    0.432ns
    Source Clock Delay      (SCD):    0.410ns
    Clock Pessimism Removal (CPR):    -0.000ns

    Location             Delay type                Incr(ns)  Path(ns)    Netlist Resource(s)
  -------------------------------------------------------------------    -------------------
                         (clock ap_clk rise edge)     0.000     0.000 r  
                                                      0.000     0.000 r  ap_clk (IN)
                         net (fo=5943, unset)         0.410     0.410    bd_0_i/hls_inst/inst/ap_clk
                         FDRE                                         r  bd_0_i/hls_inst/inst/temp_13_reg_2977_reg[0]/C
  -------------------------------------------------------------------    -------------------
                         FDRE (Prop_fdre_C_Q)         0.164     0.574 r  bd_0_i/hls_inst/inst/temp_13_reg_2977_reg[0]/Q
                         net (fo=1, unplaced)         0.141     0.715    bd_0_i/hls_inst/inst/temp_13_reg_2977[0]
                         SRL16E                                       r  bd_0_i/hls_inst/inst/temp_13_reg_2977_pp2_iter2_reg_reg[0]_srl2/D
  -------------------------------------------------------------------    -------------------

                         (clock ap_clk rise edge)     0.000     0.000 r  
                                                      0.000     0.000 r  ap_clk (IN)
                         net (fo=5943, unset)         0.432     0.432    bd_0_i/hls_inst/inst/ap_clk
                         SRL16E                                       r  bd_0_i/hls_inst/inst/temp_13_reg_2977_pp2_iter2_reg_reg[0]_srl2/CLK
                         clock pessimism              0.000     0.432    
                         SRL16E (Hold_srl16e_CLK_D)
                                                      0.064     0.496    bd_0_i/hls_inst/inst/temp_13_reg_2977_pp2_iter2_reg_reg[0]_srl2
  -------------------------------------------------------------------
                         required time                         -0.496    
                         arrival time                           0.715    
  -------------------------------------------------------------------
                         slack                                  0.219    





Pulse Width Checks
--------------------------------------------------------------------------------------
Clock Name:         ap_clk
Waveform(ns):       { 0.000 5.000 }
Period(ns):         10.000
Sources:            { ap_clk }

Check Type        Corner  Lib Pin             Reference Pin  Required(ns)  Actual(ns)  Slack(ns)  Location  Pin
Min Period        n/a     RAMB36E1/CLKARDCLK  n/a            2.944         10.000      7.056                bd_0_i/hls_inst/inst/a_U/HLS_accel_a_ram_U/ram_reg_0/CLKARDCLK
Low Pulse Width   Fast    SRL16E/CLK          n/a            0.980         5.000       4.020                bd_0_i/hls_inst/inst/temp_31_reg_3247_pp2_iter6_reg_reg[0]_srl5/CLK
High Pulse Width  Slow    SRL16E/CLK          n/a            0.980         5.000       4.020                bd_0_i/hls_inst/inst/temp_31_reg_3247_pp2_iter6_reg_reg[0]_srl5/CLK



