
****** Vivado v2018.3 (64-bit)
  **** SW Build 2405991 on Thu Dec  6 23:38:27 MST 2018
  **** IP Build 2404404 on Fri Dec  7 01:43:56 MST 2018
    ** Copyright 1986-2018 Xilinx, Inc. All Rights Reserved.

source run_ippack.tcl -notrace
INFO: [ProjectBase 1-489] The host OS only allows 260 characters in a normal path. The project is stored in a path with more than 80 characters. If you experience issues with IP, Block Designs, or files not being found, please consider moving the project to a location with a shorter path. Alternately consider using the OS subst command to map part of the path to a drive letter.
Current project path is 'C:/Users/thoms/Universite/H2024/INF3610/INF3610-TPs/TP2/hls_architecture2/implementation_sol_2_2/hls_wrapped_mmult_prj/solution2_2/impl/ip'
create_project: Time (s): cpu = 00:00:00 ; elapsed = 00:00:08 . Memory (MB): peak = 322.312 ; gain = 81.469
INFO: [IP_Flow 19-234] Refreshing IP repositories
INFO: [IP_Flow 19-1704] No user IP repositories specified
INFO: [IP_Flow 19-2313] Loaded Vivado IP repository 'C:/Xilinx/Vivado/2018.3/data/ip'.
WARNING: [IP_Flow 19-4832] The IP name 'HLS_accel_ap_fadd_3_no_dsp_32' you have specified is long. The Windows operating system has path length limitations. It is recommended you use shorter names to reduce the likelihood of issues.
create_ip: Time (s): cpu = 00:00:01 ; elapsed = 00:00:06 . Memory (MB): peak = 366.758 ; gain = 44.445
INFO: [IP_Flow 19-1686] Generating 'Synthesis' target for IP 'HLS_accel_ap_fadd_3_no_dsp_32'...
INFO: [IP_Flow 19-1686] Generating 'Simulation' target for IP 'HLS_accel_ap_fadd_3_no_dsp_32'...
WARNING: [IP_Flow 19-4832] The IP name 'HLS_accel_ap_fmul_2_no_dsp_32' you have specified is long. The Windows operating system has path length limitations. It is recommended you use shorter names to reduce the likelihood of issues.
INFO: [IP_Flow 19-1686] Generating 'Synthesis' target for IP 'HLS_accel_ap_fmul_2_no_dsp_32'...
INFO: [IP_Flow 19-1686] Generating 'Simulation' target for IP 'HLS_accel_ap_fmul_2_no_dsp_32'...
INFO: [IP_Flow 19-234] Refreshing IP repositories
INFO: [IP_Flow 19-1704] No user IP repositories specified
INFO: [IP_Flow 19-2313] Loaded Vivado IP repository 'C:/Xilinx/Vivado/2018.3/data/ip'.
INFO: [Common 17-206] Exiting Vivado at Wed Apr 17 15:10:13 2024...
