INFO: Applying HLS Y2K22 patch v1.2 for IP revision
INFO: [HLS 200-10] Running 'C:/Xilinx/Vivado/2018.3/bin/unwrapped/win64.o/vivado_hls.exe'
INFO: [HLS 200-10] For user 'thoms' on host 'zenbook_tomtom' (Windows NT_amd64 version 6.2) on Sun Apr 14 10:21:02 -0400 2024
INFO: [HLS 200-10] In directory 'C:/Users/thoms/Universite/H2024/INF3610/INF3610-TPs/TP2/hls_architecture1/architecture_exploration'
INFO: [HLS 200-10] Opening project 'C:/Users/thoms/Universite/H2024/INF3610/INF3610-TPs/TP2/hls_architecture1/architecture_exploration/hls_mmult_prj'.
INFO: [HLS 200-10] Adding design file 'mmult_accel.cpp' to the project
INFO: [HLS 200-10] Adding test bench file 'mmult_test.cpp' to the project
INFO: [HLS 200-10] Opening solution 'C:/Users/thoms/Universite/H2024/INF3610/INF3610-TPs/TP2/hls_architecture1/architecture_exploration/hls_mmult_prj/solution1'.
INFO: [SYN 201-201] Setting up clock 'default' with a period of 10ns.
INFO: [HLS 200-10] Setting target device to 'xc7z020clg484-1'
INFO: [SCHED 204-61] Option 'relax_ii_for_timing' is enabled, will increase II to preserve clock frequency constraints.
INFO: [HLS 200-10] Analyzing design file 'mmult_accel.cpp' ... 
INFO: [HLS 200-111] Finished Linking Time (s): cpu = 00:00:01 ; elapsed = 00:00:10 . Memory (MB): peak = 105.480 ; gain = 20.359
INFO: [HLS 200-111] Finished Checking Pragmas Time (s): cpu = 00:00:01 ; elapsed = 00:00:10 . Memory (MB): peak = 105.480 ; gain = 20.359
INFO: [HLS 200-10] Starting code transformations ...
INFO: [HLS 200-111] Finished Standard Transforms Time (s): cpu = 00:00:01 ; elapsed = 00:00:11 . Memory (MB): peak = 105.480 ; gain = 20.359
INFO: [HLS 200-10] Checking synthesizability ...
INFO: [HLS 200-111] Finished Checking Synthesizability Time (s): cpu = 00:00:01 ; elapsed = 00:00:11 . Memory (MB): peak = 105.480 ; gain = 20.359
INFO: [XFORM 203-502] Unrolling all sub-loops inside loop 'L2' (mmult_accel.cpp:16) in function 'mmult_hw' for pipelining.
INFO: [HLS 200-489] Unrolling loop 'L3' (mmult_accel.cpp:19) in function 'mmult_hw' completely with a factor of 42.
INFO: [XFORM 203-131] Reshaping array 'a' (mmult_accel.cpp:10) in dimension 2 completely.
INFO: [XFORM 203-131] Reshaping array 'b' (mmult_accel.cpp:10) in dimension 1 completely.
INFO: [HLS 200-111] Finished Pre-synthesis Time (s): cpu = 00:00:02 ; elapsed = 00:00:13 . Memory (MB): peak = 125.770 ; gain = 40.648
INFO: [XFORM 203-541] Flattening a loop nest 'L1' (mmult_accel.cpp:15:3) in function 'mmult_hw'.
INFO: [HLS 200-111] Finished Architecture Synthesis Time (s): cpu = 00:00:02 ; elapsed = 00:00:14 . Memory (MB): peak = 126.137 ; gain = 41.016
INFO: [HLS 200-10] Starting hardware synthesis ...
INFO: [HLS 200-10] Synthesizing 'mmult_hw' ...
WARNING: [SYN 201-303] Cannot apply functional unit assignment of 'FAddSub_nodsp' (mmult_accel.cpp:18) on 'alloca' operation ('sum', mmult_accel.cpp:17) due to incompatible operation sets.
WARNING: [SYN 201-107] Renaming port name 'mmult_hw/out' to 'mmult_hw/out_r' to avoid the conflict with HDL keywords or other object names.
INFO: [HLS 200-10] ----------------------------------------------------------------
INFO: [HLS 200-42] -- Implementing module 'mmult_hw' 
INFO: [HLS 200-10] ----------------------------------------------------------------
INFO: [SCHED 204-11] Starting scheduling ...
INFO: [SCHED 204-61] Pipelining loop 'L1_L2'.
INFO: [SCHED 204-61] Pipelining result : Target II = 1, Final II = 1, Depth = 217.
WARNING: [SCHED 204-21] Estimated clock period (9.634ns) exceeds the target (target clock period: 10ns, clock uncertainty: 1.25ns, effective delay budget: 8.75ns).
WARNING: [SCHED 204-21] The critical path in module 'mmult_hw' consists of the following:
	'mul' operation of DSP[33] ('tmp', mmult_accel.cpp:20) [26]  (3.36 ns)
	'add' operation of DSP[33] ('tmp_1', mmult_accel.cpp:20) [33]  (3.02 ns)
	'getelementptr' operation ('out_addr', mmult_accel.cpp:20) [35]  (0 ns)
	'store' operation (mmult_accel.cpp:20) of variable 'sum', mmult_accel.cpp:19 on array 'out_r' [293]  (3.25 ns)
INFO: [SCHED 204-11] Finished scheduling.
INFO: [HLS 200-111]  Elapsed time: 15.2 seconds; current allocated memory: 79.957 MB.
INFO: [BIND 205-100] Starting micro-architecture generation ...
INFO: [BIND 205-101] Performing variable lifetime analysis.
INFO: [BIND 205-101] Exploring resource sharing.
INFO: [BIND 205-101] Binding ...
INFO: [BIND 205-100] Finished micro-architecture generation.
INFO: [HLS 200-111]  Elapsed time: 0.833 seconds; current allocated memory: 82.138 MB.
INFO: [HLS 200-10] ----------------------------------------------------------------
INFO: [HLS 200-10] -- Generating RTL for module 'mmult_hw' 
INFO: [HLS 200-10] ----------------------------------------------------------------
INFO: [RTGEN 206-500] Setting interface mode on port 'mmult_hw/a' to 'ap_memory'.
INFO: [RTGEN 206-500] Setting interface mode on port 'mmult_hw/b' to 'ap_memory'.
INFO: [RTGEN 206-500] Setting interface mode on port 'mmult_hw/out_r' to 'ap_memory'.
INFO: [RTGEN 206-500] Setting interface mode on function 'mmult_hw' to 'ap_ctrl_hs'.
INFO: [SYN 201-210] Renamed object name 'mmult_hw_fadd_32ns_32ns_32_5_full_dsp_1' to 'mmult_hw_fadd_32nbkb' due to the length limit 20
INFO: [SYN 201-210] Renamed object name 'mmult_hw_fmul_32ns_32ns_32_4_max_dsp_1' to 'mmult_hw_fmul_32ncud' due to the length limit 20
INFO: [SYN 201-210] Renamed object name 'mmult_hw_mac_muladd_7ns_6ns_6ns_12_1_1' to 'mmult_hw_mac_muladEe' due to the length limit 20
INFO: [RTGEN 206-104] Estimated max fanout for 'mmult_hw' is 140542 from HDL expression: (1'b0 == ap_block_pp0_stage0_11001)
INFO: [RTGEN 206-100] Generating core module 'mmult_hw_fadd_32nbkb': 42 instance(s).
INFO: [RTGEN 206-100] Generating core module 'mmult_hw_fmul_32ncud': 42 instance(s).
INFO: [RTGEN 206-100] Generating core module 'mmult_hw_mac_muladEe': 1 instance(s).
INFO: [RTGEN 206-100] Finished creating RTL model for 'mmult_hw'.
INFO: [HLS 200-111]  Elapsed time: 4.036 seconds; current allocated memory: 94.511 MB.
INFO: [HLS 200-111] Finished generating all RTL models Time (s): cpu = 00:00:05 ; elapsed = 00:00:28 . Memory (MB): peak = 156.949 ; gain = 71.828
INFO: [SYSC 207-301] Generating SystemC RTL for mmult_hw.
INFO: [VHDL 208-304] Generating VHDL RTL for mmult_hw.
INFO: [VLOG 209-307] Generating Verilog RTL for mmult_hw.
INFO: [HLS 200-112] Total elapsed time: 28.236 seconds; peak allocated memory: 94.511 MB.
