Copyright 1986-2018 Xilinx, Inc. All Rights Reserved.
-----------------------------------------------------------------------------------------
| Tool Version : Vivado v.2018.3 (win64) Build 2405991 Thu Dec  6 23:38:27 MST 2018
| Date         : Wed Apr 17 15:57:25 2024
| Host         : Zenbook_Tomtom running 64-bit major release  (build 9200)
| Command      : report_control_sets -verbose -file bd_0_wrapper_control_sets_placed.rpt
| Design       : bd_0_wrapper
| Device       : xc7z020
-----------------------------------------------------------------------------------------

Control Set Information

Table of Contents
-----------------
1. Summary
2. Histogram
3. Flip-Flop Distribution
4. Detailed Control Set Information

1. Summary
----------

+----------------------------------------------------------+-------+
|                          Status                          | Count |
+----------------------------------------------------------+-------+
| Number of unique control sets                            |    98 |
| Unused register locations in slices containing registers |    90 |
+----------------------------------------------------------+-------+


2. Histogram
------------

+--------+--------------+
| Fanout | Control Sets |
+--------+--------------+
|      4 |            1 |
|      5 |            1 |
|      6 |           11 |
|      7 |            2 |
|      8 |            2 |
|      9 |            1 |
|     11 |            2 |
|    16+ |           78 |
+--------+--------------+


3. Flip-Flop Distribution
-------------------------

+--------------+-----------------------+------------------------+-----------------+--------------+
| Clock Enable | Synchronous Set/Reset | Asynchronous Set/Reset | Total Registers | Total Slices |
+--------------+-----------------------+------------------------+-----------------+--------------+
| No           | No                    | No                     |             684 |          296 |
| No           | No                    | Yes                    |               0 |            0 |
| No           | Yes                   | No                     |             257 |           85 |
| Yes          | No                    | No                     |            3995 |         1063 |
| Yes          | No                    | Yes                    |               0 |            0 |
| Yes          | Yes                   | No                     |              78 |           32 |
+--------------+-----------------------+------------------------+-----------------+--------------+


4. Detailed Control Set Information
-----------------------------------

+--------------+---------------------------------------------------------------------------------------------------------------+--------------------------------------------------------------------------------------------------------------------------------------------------------------------------------------------------------------+------------------+----------------+
| Clock Signal |                                                 Enable Signal                                                 |                                                                                               Set/Reset Signal                                                                                               | Slice Load Count | Bel Load Count |
+--------------+---------------------------------------------------------------------------------------------------------------+--------------------------------------------------------------------------------------------------------------------------------------------------------------------------------------------------------------+------------------+----------------+
|  ap_clk      | bd_0_i/hls_inst/inst/HLS_accel_CONTROL_BUS_s_axi_U/waddr                                                      |                                                                                                                                                                                                              |                1 |              4 |
|  ap_clk      | bd_0_i/hls_inst/inst/HLS_accel_CONTROL_BUS_s_axi_U/rdata[7]_i_1_n_3                                           |                                                                                                                                                                                                              |                3 |              5 |
|  ap_clk      | bd_0_i/hls_inst/inst/a_U/HLS_accel_a_ram_U/we0                                                                | bd_0_i/hls_inst/inst/HLS_accel_CONTROL_BUS_s_axi_U/ap_CS_fsm_reg[0][0]                                                                                                                                       |                2 |              6 |
|  ap_clk      | bd_0_i/hls_inst/inst/HLS_accel_mac_muleOg_U7/HLS_accel_mac_muleOg_DSP48_1_U/E[0]                              |                                                                                                                                                                                                              |                2 |              6 |
|  ap_clk      | bd_0_i/hls_inst/inst/b_U/HLS_accel_a_ram_U/we0                                                                | bd_0_i/hls_inst/inst/ap_CS_fsm_state4                                                                                                                                                                        |                2 |              6 |
|  ap_clk      | bd_0_i/hls_inst/inst/HLS_accel_mac_muldEe_U5/HLS_accel_mac_muldEe_DSP48_0_U/INPUT_STREAM_data_V_0_sel2        |                                                                                                                                                                                                              |                2 |              6 |
|  ap_clk      | bd_0_i/hls_inst/inst/HLS_accel_mac_muldEe_U6/HLS_accel_mac_muldEe_DSP48_0_U/INPUT_STREAM_data_V_0_sel2158_out |                                                                                                                                                                                                              |                2 |              6 |
|  ap_clk      | bd_0_i/hls_inst/inst/p_65_in                                                                                  |                                                                                                                                                                                                              |                2 |              6 |
|  ap_clk      | bd_0_i/hls_inst/inst/i4_0_i_reg_10890                                                                         | bd_0_i/hls_inst/inst/ap_CS_fsm_state226                                                                                                                                                                      |                2 |              6 |
|  ap_clk      | bd_0_i/hls_inst/inst/p_101_in                                                                                 |                                                                                                                                                                                                              |                2 |              6 |
|  ap_clk      | bd_0_i/hls_inst/inst/ib_0_i_i_mid2_reg_25250                                                                  |                                                                                                                                                                                                              |                3 |              6 |
|  ap_clk      | bd_0_i/hls_inst/inst/p_69_in                                                                                  |                                                                                                                                                                                                              |                2 |              6 |
|  ap_clk      | bd_0_i/hls_inst/inst/tmp_9_mid2_reg_25360                                                                     |                                                                                                                                                                                                              |                3 |              6 |
|  ap_clk      |                                                                                                               | bd_0_i/hls_inst/inst/HLS_accel_fmul_32cud_U3/HLS_accel_ap_fmul_2_no_dsp_32_u/U0/i_synth/MULT.OP/EXP/STATE_DELAY/i_pipe/p_1_in12_out                                                                          |                1 |              7 |
|  ap_clk      |                                                                                                               | bd_0_i/hls_inst/inst/HLS_accel_fmul_32cud_U4/HLS_accel_ap_fmul_2_no_dsp_32_u/U0/i_synth/MULT.OP/EXP/STATE_DELAY/i_pipe/p_1_in12_out                                                                          |                1 |              7 |
|  ap_clk      |                                                                                                               | bd_0_i/hls_inst/inst/HLS_accel_fadd_32bkb_U1/HLS_accel_ap_fadd_3_no_dsp_32_u/U0/i_synth/ADDSUB_OP.ADDSUB/SPEED_OP.LOGIC.OP/NORM/LZE/ZERO_DET_CC_1/CHAIN_GEN[3].C_MUX.CARRY_MUX_0                             |                3 |              8 |
|  ap_clk      |                                                                                                               | bd_0_i/hls_inst/inst/HLS_accel_fadd_32bkb_U2/HLS_accel_ap_fadd_3_no_dsp_32_u/U0/i_synth/ADDSUB_OP.ADDSUB/SPEED_OP.LOGIC.OP/NORM/LZE/ZERO_DET_CC_1/CHAIN_GEN[3].C_MUX.CARRY_MUX_0                             |                3 |              8 |
|  ap_clk      | bd_0_i/hls_inst/inst/ap_CS_fsm_pp2_stage20                                                                    | bd_0_i/hls_inst/inst/HLS_accel_CONTROL_BUS_s_axi_U/ap_rst_n_inv                                                                                                                                              |                7 |              9 |
|  ap_clk      | bd_0_i/hls_inst/inst/b_U/HLS_accel_a_ram_U/E[0]                                                               |                                                                                                                                                                                                              |                5 |             11 |
|  ap_clk      | bd_0_i/hls_inst/inst/tmp_134_reg_32120                                                                        |                                                                                                                                                                                                              |                4 |             11 |
|  ap_clk      | bd_0_i/hls_inst/inst/p_78_in                                                                                  |                                                                                                                                                                                                              |                7 |             16 |
|  ap_clk      | bd_0_i/hls_inst/inst/HLS_accel_mac_muleOg_U7/HLS_accel_mac_muleOg_DSP48_1_U/E[0]                              | bd_0_i/hls_inst/inst/ap_CS_fsm_state226                                                                                                                                                                      |                7 |             17 |
|  ap_clk      | bd_0_i/hls_inst/inst/HLS_accel_mac_muldEe_U6/HLS_accel_mac_muldEe_DSP48_0_U/INPUT_STREAM_data_V_0_sel2158_out | bd_0_i/hls_inst/inst/ap_CS_fsm_state4                                                                                                                                                                        |                6 |             17 |
|  ap_clk      | bd_0_i/hls_inst/inst/HLS_accel_mac_muldEe_U5/HLS_accel_mac_muldEe_DSP48_0_U/INPUT_STREAM_data_V_0_sel2        | bd_0_i/hls_inst/inst/HLS_accel_CONTROL_BUS_s_axi_U/SR[0]                                                                                                                                                     |                6 |             17 |
|  ap_clk      |                                                                                                               | bd_0_i/hls_inst/inst/HLS_accel_fadd_32bkb_U1/HLS_accel_ap_fadd_3_no_dsp_32_u/U0/i_synth/ADDSUB_OP.ADDSUB/SPEED_OP.LOGIC.OP/EXP/STATE_DELAY/i_pipe/opt_has_pipe.i_pipe[2].pipe_reg[2][1]_2                    |                7 |             22 |
|  ap_clk      |                                                                                                               | bd_0_i/hls_inst/inst/HLS_accel_fadd_32bkb_U2/HLS_accel_ap_fadd_3_no_dsp_32_u/U0/i_synth/ADDSUB_OP.ADDSUB/SPEED_OP.LOGIC.OP/EXP/STATE_DELAY/i_pipe/opt_has_pipe.i_pipe[2].pipe_reg[2][1]_2                    |                7 |             22 |
|  ap_clk      |                                                                                                               | bd_0_i/hls_inst/inst/HLS_accel_fmul_32cud_U3/HLS_accel_ap_fmul_2_no_dsp_32_u/U0/i_synth/MULT.OP/EXP/SIG_DELAY/i_pipe/opt_has_pipe.first_q_reg[0]_1                                                           |                7 |             22 |
|  ap_clk      |                                                                                                               | bd_0_i/hls_inst/inst/HLS_accel_fmul_32cud_U4/HLS_accel_ap_fmul_2_no_dsp_32_u/U0/i_synth/MULT.OP/EXP/SIG_DELAY/i_pipe/opt_has_pipe.first_q_reg[0]_1                                                           |                7 |             22 |
|  ap_clk      |                                                                                                               | bd_0_i/hls_inst/inst/ap_CS_fsm_state7                                                                                                                                                                        |                9 |             23 |
|  ap_clk      |                                                                                                               | bd_0_i/hls_inst/inst/HLS_accel_fadd_32bkb_U1/HLS_accel_ap_fadd_3_no_dsp_32_u/U0/i_synth/ADDSUB_OP.ADDSUB/SPEED_OP.LOGIC.OP/ALIGN_BLK/FRAC_ADDSUB/LOGIC_ADD.FRAC_ADDSUB/LRG_RND1_DEL/i_pipe/din1_buf1_reg[28] |                7 |             24 |
|  ap_clk      |                                                                                                               | bd_0_i/hls_inst/inst/HLS_accel_fadd_32bkb_U2/HLS_accel_ap_fadd_3_no_dsp_32_u/U0/i_synth/ADDSUB_OP.ADDSUB/SPEED_OP.LOGIC.OP/ALIGN_BLK/FRAC_ADDSUB/LOGIC_ADD.FRAC_ADDSUB/LRG_RND1_DEL/i_pipe/din1_buf1_reg[28] |                7 |             24 |
|  ap_clk      | bd_0_i/hls_inst/inst/reg_12380                                                                                |                                                                                                                                                                                                              |               13 |             32 |
|  ap_clk      | bd_0_i/hls_inst/inst/reg_12280                                                                                |                                                                                                                                                                                                              |                9 |             32 |
|  ap_clk      | bd_0_i/hls_inst/inst/sum_19_reg_3297[31]_i_1_n_3                                                              |                                                                                                                                                                                                              |               12 |             32 |
|  ap_clk      | bd_0_i/hls_inst/inst/reg_12480                                                                                |                                                                                                                                                                                                              |                7 |             32 |
|  ap_clk      | bd_0_i/hls_inst/inst/reg_12430                                                                                |                                                                                                                                                                                                              |               11 |             32 |
|  ap_clk      | bd_0_i/hls_inst/inst/reg_12330                                                                                |                                                                                                                                                                                                              |                9 |             32 |
|  ap_clk      | bd_0_i/hls_inst/inst/reg_12630                                                                                |                                                                                                                                                                                                              |               17 |             32 |
|  ap_clk      | bd_0_i/hls_inst/inst/reg_12730                                                                                |                                                                                                                                                                                                              |                8 |             32 |
|  ap_clk      | bd_0_i/hls_inst/inst/reg_12530                                                                                |                                                                                                                                                                                                              |               10 |             32 |
|  ap_clk      | bd_0_i/hls_inst/inst/INPUT_STREAM_data_V_0_load_B                                                             |                                                                                                                                                                                                              |                6 |             32 |
|  ap_clk      | bd_0_i/hls_inst/inst/reg_12680                                                                                |                                                                                                                                                                                                              |               12 |             32 |
|  ap_clk      | bd_0_i/hls_inst/inst/OUTPUT_STREAM_data_V_1_load_A                                                            |                                                                                                                                                                                                              |                7 |             32 |
|  ap_clk      | bd_0_i/hls_inst/inst/OUTPUT_STREAM_data_V_1_load_B                                                            |                                                                                                                                                                                                              |                9 |             32 |
|  ap_clk      | bd_0_i/hls_inst/inst/INPUT_STREAM_data_V_0_sel0                                                               |                                                                                                                                                                                                              |                5 |             32 |
|  ap_clk      | bd_0_i/hls_inst/inst/INPUT_STREAM_data_V_0_load_A                                                             |                                                                                                                                                                                                              |                6 |             32 |
|  ap_clk      | bd_0_i/hls_inst/inst/ap_CS_fsm_pp2_stage8                                                                     |                                                                                                                                                                                                              |               13 |             32 |
|  ap_clk      | bd_0_i/hls_inst/inst/reg_12580                                                                                |                                                                                                                                                                                                              |               14 |             32 |
|  ap_clk      | bd_0_i/hls_inst/inst/ap_CS_fsm_pp2_stage10                                                                    |                                                                                                                                                                                                              |               19 |             64 |
|  ap_clk      | bd_0_i/hls_inst/inst/reg_1163[31]_i_1_n_3                                                                     |                                                                                                                                                                                                              |               24 |             64 |
|  ap_clk      | bd_0_i/hls_inst/inst/reg_1142                                                                                 |                                                                                                                                                                                                              |               23 |             64 |
|  ap_clk      | bd_0_i/hls_inst/inst/reg_11363102_out                                                                         |                                                                                                                                                                                                              |               11 |             64 |
|  ap_clk      | bd_0_i/hls_inst/inst/reg_11362                                                                                |                                                                                                                                                                                                              |               27 |             64 |
|  ap_clk      | bd_0_i/hls_inst/inst/reg_11484                                                                                |                                                                                                                                                                                                              |               17 |             64 |
|  ap_clk      | bd_0_i/hls_inst/inst/reg_1193[31]_i_1_n_3                                                                     |                                                                                                                                                                                                              |               28 |             64 |
|  ap_clk      | bd_0_i/hls_inst/inst/reg_1203[31]_i_1_n_3                                                                     |                                                                                                                                                                                                              |               25 |             64 |
|  ap_clk      | bd_0_i/hls_inst/inst/reg_1178366_out                                                                          |                                                                                                                                                                                                              |               11 |             64 |
|  ap_clk      | bd_0_i/hls_inst/inst/reg_1168467_out                                                                          |                                                                                                                                                                                                              |               12 |             64 |
|  ap_clk      | bd_0_i/hls_inst/inst/reg_1153[31]_i_1_n_3                                                                     |                                                                                                                                                                                                              |               31 |             64 |
|  ap_clk      | bd_0_i/hls_inst/inst/reg_11780                                                                                |                                                                                                                                                                                                              |               25 |             64 |
|  ap_clk      | bd_0_i/hls_inst/inst/reg_11583                                                                                |                                                                                                                                                                                                              |               20 |             64 |
|  ap_clk      | bd_0_i/hls_inst/inst/reg_11684                                                                                |                                                                                                                                                                                                              |               10 |             64 |
|  ap_clk      | bd_0_i/hls_inst/inst/reg_1223[31]_i_1_n_3                                                                     |                                                                                                                                                                                                              |               28 |             64 |
|  ap_clk      | bd_0_i/hls_inst/inst/reg_1148471_out                                                                          |                                                                                                                                                                                                              |               14 |             64 |
|  ap_clk      | bd_0_i/hls_inst/inst/reg_11582                                                                                |                                                                                                                                                                                                              |               20 |             64 |
|  ap_clk      | bd_0_i/hls_inst/inst/reg_1158368_out                                                                          |                                                                                                                                                                                                              |               11 |             64 |
|  ap_clk      | bd_0_i/hls_inst/inst/reg_11680                                                                                |                                                                                                                                                                                                              |               29 |             64 |
|  ap_clk      | bd_0_i/hls_inst/inst/reg_1213[31]_i_1_n_3                                                                     |                                                                                                                                                                                                              |               27 |             64 |
|  ap_clk      | bd_0_i/hls_inst/inst/reg_11983                                                                                |                                                                                                                                                                                                              |               22 |             64 |
|  ap_clk      | bd_0_i/hls_inst/inst/temp_33_reg_32570                                                                        |                                                                                                                                                                                                              |               17 |             64 |
|  ap_clk      | bd_0_i/hls_inst/inst/temp_36_reg_3272[31]_i_1_n_3                                                             |                                                                                                                                                                                                              |               13 |             64 |
|  ap_clk      | bd_0_i/hls_inst/inst/temp_38_reg_3282[31]_i_1_n_3                                                             |                                                                                                                                                                                                              |               13 |             64 |
|  ap_clk      | bd_0_i/hls_inst/inst/temp_40_reg_3292[31]_i_1_n_3                                                             |                                                                                                                                                                                                              |               11 |             64 |
|  ap_clk      | bd_0_i/hls_inst/inst/temp_5_reg_2816[31]_i_1_n_3                                                              |                                                                                                                                                                                                              |               25 |             64 |
|  ap_clk      | bd_0_i/hls_inst/inst/ap_CS_fsm_pp2_stage9                                                                     |                                                                                                                                                                                                              |               21 |             64 |
|  ap_clk      | bd_0_i/hls_inst/inst/reg_11363                                                                                |                                                                                                                                                                                                              |               25 |             64 |
|  ap_clk      | bd_0_i/hls_inst/inst/temp_9_reg_2876[31]_i_1_n_3                                                              |                                                                                                                                                                                                              |               17 |             64 |
|  ap_clk      |                                                                                                               | bd_0_i/hls_inst/inst/HLS_accel_CONTROL_BUS_s_axi_U/ap_rst_n_inv                                                                                                                                              |               26 |             68 |
|  ap_clk      | bd_0_i/hls_inst/inst/ib_reg_31970                                                                             |                                                                                                                                                                                                              |               16 |             70 |
|  ap_clk      | bd_0_i/hls_inst/inst/ap_CS_fsm_pp2_stage15                                                                    |                                                                                                                                                                                                              |                8 |            128 |
|  ap_clk      | bd_0_i/hls_inst/inst/ap_CS_fsm_pp2_stage18                                                                    |                                                                                                                                                                                                              |                8 |            128 |
|  ap_clk      | bd_0_i/hls_inst/inst/ap_CS_fsm_pp2_stage5                                                                     |                                                                                                                                                                                                              |                8 |            128 |
|  ap_clk      | bd_0_i/hls_inst/inst/ap_CS_fsm_pp2_stage17                                                                    |                                                                                                                                                                                                              |                8 |            128 |
|  ap_clk      | bd_0_i/hls_inst/inst/ap_CS_fsm_pp2_stage13                                                                    |                                                                                                                                                                                                              |                8 |            128 |
|  ap_clk      | bd_0_i/hls_inst/inst/ap_CS_fsm_pp2_stage16                                                                    |                                                                                                                                                                                                              |                8 |            128 |
|  ap_clk      | bd_0_i/hls_inst/inst/ap_CS_fsm_pp2_stage11                                                                    |                                                                                                                                                                                                              |               34 |            128 |
|  ap_clk      | bd_0_i/hls_inst/inst/ap_CS_fsm_pp2_stage14                                                                    |                                                                                                                                                                                                              |                8 |            128 |
|  ap_clk      | bd_0_i/hls_inst/inst/ap_CS_fsm_pp2_stage1                                                                     |                                                                                                                                                                                                              |                8 |            128 |
|  ap_clk      | bd_0_i/hls_inst/inst/ap_CS_fsm_pp2_stage12                                                                    |                                                                                                                                                                                                              |               28 |            128 |
|  ap_clk      | bd_0_i/hls_inst/inst/b_U/HLS_accel_a_ram_U/exitcond_flatten1_reg_2516_reg[0]                                  |                                                                                                                                                                                                              |               39 |            128 |
|  ap_clk      | bd_0_i/hls_inst/inst/a_load_40_reg_32370                                                                      |                                                                                                                                                                                                              |               44 |            128 |
|  ap_clk      | bd_0_i/hls_inst/inst/ap_CS_fsm_pp2_stage4                                                                     |                                                                                                                                                                                                              |                8 |            128 |
|  ap_clk      | bd_0_i/hls_inst/inst/ap_CS_fsm_pp2_stage19                                                                    |                                                                                                                                                                                                              |                8 |            128 |
|  ap_clk      | bd_0_i/hls_inst/inst/ap_CS_fsm_pp2_stage20                                                                    |                                                                                                                                                                                                              |                8 |            128 |
|  ap_clk      | bd_0_i/hls_inst/inst/ap_CS_fsm_pp2_stage2                                                                     |                                                                                                                                                                                                              |                8 |            128 |
|  ap_clk      | bd_0_i/hls_inst/inst/ap_CS_fsm_pp2_stage3                                                                     |                                                                                                                                                                                                              |                8 |            128 |
|  ap_clk      | bd_0_i/hls_inst/inst/ap_CS_fsm_pp2_stage0                                                                     |                                                                                                                                                                                                              |               16 |            161 |
|  ap_clk      |                                                                                                               |                                                                                                                                                                                                              |              296 |            684 |
+--------------+---------------------------------------------------------------------------------------------------------------+--------------------------------------------------------------------------------------------------------------------------------------------------------------------------------------------------------------+------------------+----------------+


