
*** Running vivado
    with args -log bd_0_wrapper.vdi -applog -m64 -product Vivado -messageDb vivado.pb -mode batch -source bd_0_wrapper.tcl -notrace


****** Vivado v2018.3 (64-bit)
  **** SW Build 2405991 on Thu Dec  6 23:38:27 MST 2018
  **** IP Build 2404404 on Fri Dec  7 01:43:56 MST 2018
    ** Copyright 1986-2018 Xilinx, Inc. All Rights Reserved.

source bd_0_wrapper.tcl -notrace
Command: open_checkpoint C:/Users/thoms/Universite/INF3610-TPs/TP2/hls_architecture2/implementation_sol_2_2/hls_wrapped_mmult_prj/solution2_2/impl/verilog/project.runs/impl_1/bd_0_wrapper.dcp

Starting open_checkpoint Task

Time (s): cpu = 00:00:00 ; elapsed = 00:00:00.048 . Memory (MB): peak = 250.191 ; gain = 0.000
INFO: [Netlist 29-17] Analyzing 374 Unisim elements for replacement
INFO: [Netlist 29-28] Unisim Transformation completed in 0 CPU seconds
INFO: [Project 1-479] Netlist was created with Vivado 2018.3
INFO: [Device 21-403] Loading part xc7z020clg484-1
INFO: [Project 1-570] Preparing netlist for logic optimization
INFO: [Timing 38-478] Restoring timing data from binary archive.
INFO: [Timing 38-479] Binary timing data restore complete.
INFO: [Project 1-856] Restoring constraints from binary archive.
INFO: [Project 1-853] Binary constraint restore complete.
Netlist sorting complete. Time (s): cpu = 00:00:00 ; elapsed = 00:00:00.010 . Memory (MB): peak = 1234.684 ; gain = 0.000
INFO: [Project 1-111] Unisim Transformation Summary:
No Unisim elements were transformed.

INFO: [Project 1-604] Checkpoint was created with Vivado v2018.3 (64-bit) build 2405991
open_checkpoint: Time (s): cpu = 00:00:10 ; elapsed = 00:00:40 . Memory (MB): peak = 1234.684 ; gain = 984.492
INFO: [IP_Flow 19-234] Refreshing IP repositories
INFO: [IP_Flow 19-1700] Loaded user IP repository 'c:/Users/thoms/Universite/INF3610-TPs/TP2/hls_architecture2/implementation_sol_2_2/hls_wrapped_mmult_prj/solution2_2/impl/ip'.
INFO: [IP_Flow 19-2313] Loaded Vivado IP repository 'C:/Xilinx/Vivado/2018.3/data/ip'.
WARNING: [IP_Flow 19-4995] The host OS only allows 260 characters in a normal path. The IP cache path is more than 80 characters. If you experience issues with IP caching, please consider changing the IP cache to a location with a shorter path. Alternately consider using the OS subst command to map part of the path to a drive letter. 
Current IP cache path is C:/Users/thoms/Universite/INF3610-TPs/TP2/hls_architecture2/implementation_sol_2_2/hls_wrapped_mmult_prj/solution2_2/impl/verilog/project.cache/ip 
Command: opt_design
Attempting to get a license for feature 'Implementation' and/or device 'xc7z020'
INFO: [Common 17-349] Got license for feature 'Implementation' and/or device 'xc7z020'
Running DRC as a precondition to command opt_design

Starting DRC Task
INFO: [DRC 23-27] Running DRC with 2 threads
INFO: [Project 1-461] DRC finished with 0 Errors
INFO: [Project 1-462] Please refer to the DRC report (report_drc) for more information.

Time (s): cpu = 00:00:02 ; elapsed = 00:00:02 . Memory (MB): peak = 1269.832 ; gain = 13.441

Starting Cache Timing Information Task
Ending Cache Timing Information Task | Checksum: 10d605258

Time (s): cpu = 00:00:00 ; elapsed = 00:00:00.072 . Memory (MB): peak = 1269.832 ; gain = 0.000

Starting Logic Optimization Task

Phase 1 Retarget
INFO: [Opt 31-138] Pushed 2 inverter(s) to 52 load pin(s).
INFO: [Opt 31-49] Retargeted 0 cell(s).
Phase 1 Retarget | Checksum: edd44fa4

Time (s): cpu = 00:00:01 ; elapsed = 00:00:01 . Memory (MB): peak = 1354.652 ; gain = 0.000
INFO: [Opt 31-389] Phase Retarget created 101 cells and removed 112 cells

Phase 2 Constant propagation
INFO: [Opt 31-138] Pushed 0 inverter(s) to 0 load pin(s).
Phase 2 Constant propagation | Checksum: d019661e

Time (s): cpu = 00:00:01 ; elapsed = 00:00:02 . Memory (MB): peak = 1354.652 ; gain = 0.000
INFO: [Opt 31-389] Phase Constant propagation created 2 cells and removed 172 cells

Phase 3 Sweep
Phase 3 Sweep | Checksum: a7807db2

Time (s): cpu = 00:00:01 ; elapsed = 00:00:02 . Memory (MB): peak = 1354.652 ; gain = 0.000
INFO: [Opt 31-389] Phase Sweep created 0 cells and removed 12 cells

Phase 4 BUFG optimization
Phase 4 BUFG optimization | Checksum: a7807db2

Time (s): cpu = 00:00:01 ; elapsed = 00:00:03 . Memory (MB): peak = 1354.652 ; gain = 0.000
INFO: [Opt 31-662] Phase BUFG optimization created 0 cells of which 0 are BUFGs and removed 0 cells.

Phase 5 Shift Register Optimization
Phase 5 Shift Register Optimization | Checksum: 984de26e

Time (s): cpu = 00:00:02 ; elapsed = 00:00:04 . Memory (MB): peak = 1354.652 ; gain = 0.000
INFO: [Opt 31-389] Phase Shift Register Optimization created 0 cells and removed 0 cells

Phase 6 Post Processing Netlist
Phase 6 Post Processing Netlist | Checksum: 984de26e

Time (s): cpu = 00:00:02 ; elapsed = 00:00:05 . Memory (MB): peak = 1354.652 ; gain = 0.000
INFO: [Opt 31-389] Phase Post Processing Netlist created 0 cells and removed 0 cells
Opt_design Change Summary
=========================


-------------------------------------------------------------------------------------------------------------------------
|  Phase                        |  #Cells created  |  #Cells Removed  |  #Constrained objects preventing optimizations  |
-------------------------------------------------------------------------------------------------------------------------
|  Retarget                     |             101  |             112  |                                              0  |
|  Constant propagation         |               2  |             172  |                                              0  |
|  Sweep                        |               0  |              12  |                                              0  |
|  BUFG optimization            |               0  |               0  |                                              0  |
|  Shift Register Optimization  |               0  |               0  |                                              0  |
|  Post Processing Netlist      |               0  |               0  |                                              0  |
-------------------------------------------------------------------------------------------------------------------------



Starting Connectivity Check Task

Time (s): cpu = 00:00:00 ; elapsed = 00:00:00.049 . Memory (MB): peak = 1354.652 ; gain = 0.000
Ending Logic Optimization Task | Checksum: 984de26e

Time (s): cpu = 00:00:02 ; elapsed = 00:00:05 . Memory (MB): peak = 1354.652 ; gain = 0.000

Starting Power Optimization Task
INFO: [Pwropt 34-132] Skipping clock gating for clocks with a period < 2.00 ns.
INFO: [Timing 38-35] Done setting XDC timing constraints.
INFO: [Pwropt 34-9] Applying IDT optimizations ...
INFO: [Pwropt 34-10] Applying ODC optimizations ...
WARNING: [Timing 38-242] The property HD.CLK_SRC of clock port "ap_clk" is not set. In out-of-context mode, this prevents timing estimation for clock delay/skew
Resolution: Set the HD.CLK_SRC property of the out-of-context port to the location of the clock buffer instance in the top-level design
INFO: [Physopt 32-619] Estimated Timing Summary | WNS=1.845 | TNS=0.000 |
Running Vector-less Activity Propagation...

Finished Running Vector-less Activity Propagation


Starting PowerOpt Patch Enables Task
INFO: [Pwropt 34-162] WRITE_MODE attribute of 0 BRAM(s) out of a total of 6 has been updated to save power. Run report_power_opt to get a complete listing of the BRAMs updated.
INFO: [Pwropt 34-201] Structural ODC has moved 0 WE to EN ports
Number of BRAM Ports augmented: 0 newly gated: 0 Total Ports: 12
Ending PowerOpt Patch Enables Task | Checksum: 984de26e

Time (s): cpu = 00:00:00 ; elapsed = 00:00:00.105 . Memory (MB): peak = 1509.465 ; gain = 0.000
Ending Power Optimization Task | Checksum: 984de26e

Time (s): cpu = 00:00:04 ; elapsed = 00:00:07 . Memory (MB): peak = 1509.465 ; gain = 154.812

Starting Final Cleanup Task
Ending Final Cleanup Task | Checksum: 984de26e

Time (s): cpu = 00:00:00 ; elapsed = 00:00:00 . Memory (MB): peak = 1509.465 ; gain = 0.000

Starting Netlist Obfuscation Task
Netlist sorting complete. Time (s): cpu = 00:00:00 ; elapsed = 00:00:00.012 . Memory (MB): peak = 1509.465 ; gain = 0.000
Ending Netlist Obfuscation Task | Checksum: 984de26e

Time (s): cpu = 00:00:00 ; elapsed = 00:00:00.013 . Memory (MB): peak = 1509.465 ; gain = 0.000
INFO: [Common 17-83] Releasing license: Implementation
35 Infos, 2 Warnings, 0 Critical Warnings and 0 Errors encountered.
opt_design completed successfully
opt_design: Time (s): cpu = 00:00:09 ; elapsed = 00:00:16 . Memory (MB): peak = 1509.465 ; gain = 254.426
Netlist sorting complete. Time (s): cpu = 00:00:00 ; elapsed = 00:00:00.012 . Memory (MB): peak = 1509.465 ; gain = 0.000
INFO: [Timing 38-35] Done setting XDC timing constraints.
INFO: [Timing 38-480] Writing timing data to binary archive.
Netlist sorting complete. Time (s): cpu = 00:00:00 ; elapsed = 00:00:00.012 . Memory (MB): peak = 1509.465 ; gain = 0.000
INFO: [Common 17-1381] The checkpoint 'C:/Users/thoms/Universite/INF3610-TPs/TP2/hls_architecture2/implementation_sol_2_2/hls_wrapped_mmult_prj/solution2_2/impl/verilog/project.runs/impl_1/bd_0_wrapper_opt.dcp' has been generated.
write_checkpoint: Time (s): cpu = 00:00:03 ; elapsed = 00:00:06 . Memory (MB): peak = 1509.465 ; gain = 0.000
INFO: [runtcl-4] Executing : report_drc -file bd_0_wrapper_drc_opted.rpt -pb bd_0_wrapper_drc_opted.pb -rpx bd_0_wrapper_drc_opted.rpx
Command: report_drc -file bd_0_wrapper_drc_opted.rpt -pb bd_0_wrapper_drc_opted.pb -rpx bd_0_wrapper_drc_opted.rpx
INFO: [IP_Flow 19-1839] IP Catalog is up to date.
INFO: [DRC 23-27] Running DRC with 2 threads
INFO: [Coretcl 2-168] The results of DRC are in file C:/Users/thoms/Universite/INF3610-TPs/TP2/hls_architecture2/implementation_sol_2_2/hls_wrapped_mmult_prj/solution2_2/impl/verilog/project.runs/impl_1/bd_0_wrapper_drc_opted.rpt.
report_drc completed successfully
report_drc: Time (s): cpu = 00:00:03 ; elapsed = 00:00:05 . Memory (MB): peak = 1509.465 ; gain = 0.000
Command: place_design
Attempting to get a license for feature 'Implementation' and/or device 'xc7z020'
INFO: [Common 17-349] Got license for feature 'Implementation' and/or device 'xc7z020'
INFO: [DRC 23-27] Running DRC with 2 threads
INFO: [Vivado_Tcl 4-198] DRC finished with 0 Errors
INFO: [Vivado_Tcl 4-199] Please refer to the DRC report (report_drc) for more information.
Running DRC as a precondition to command place_design
INFO: [DRC 23-27] Running DRC with 2 threads
INFO: [Vivado_Tcl 4-198] DRC finished with 0 Errors
INFO: [Vivado_Tcl 4-199] Please refer to the DRC report (report_drc) for more information.

Starting Placer Task
INFO: [Place 30-611] Multithreading enabled for place_design using a maximum of 2 CPUs

Phase 1 Placer Initialization

Phase 1.1 Placer Initialization Netlist Sorting
Netlist sorting complete. Time (s): cpu = 00:00:00 ; elapsed = 00:00:00.011 . Memory (MB): peak = 1509.465 ; gain = 0.000
Phase 1.1 Placer Initialization Netlist Sorting | Checksum: 725b8947

Time (s): cpu = 00:00:00 ; elapsed = 00:00:00.019 . Memory (MB): peak = 1509.465 ; gain = 0.000
Netlist sorting complete. Time (s): cpu = 00:00:00 ; elapsed = 00:00:00.010 . Memory (MB): peak = 1509.465 ; gain = 0.000

Phase 1.2 IO Placement/ Clock Placement/ Build Placer Device
Phase 1.2 IO Placement/ Clock Placement/ Build Placer Device | Checksum: aa4331e7

Time (s): cpu = 00:00:03 ; elapsed = 00:00:05 . Memory (MB): peak = 1509.465 ; gain = 0.000

Phase 1.3 Build Placer Netlist Model
Phase 1.3 Build Placer Netlist Model | Checksum: c43a79b0

Time (s): cpu = 00:00:05 ; elapsed = 00:00:08 . Memory (MB): peak = 1509.465 ; gain = 0.000

Phase 1.4 Constrain Clocks/Macros
Phase 1.4 Constrain Clocks/Macros | Checksum: c43a79b0

Time (s): cpu = 00:00:05 ; elapsed = 00:00:08 . Memory (MB): peak = 1509.465 ; gain = 0.000
Phase 1 Placer Initialization | Checksum: c43a79b0

Time (s): cpu = 00:00:05 ; elapsed = 00:00:08 . Memory (MB): peak = 1509.465 ; gain = 0.000

Phase 2 Global Placement

Phase 2.1 Floorplanning
Phase 2.1 Floorplanning | Checksum: bb19df6c

Time (s): cpu = 00:00:06 ; elapsed = 00:00:09 . Memory (MB): peak = 1509.465 ; gain = 0.000

Phase 2.2 Physical Synthesis In Placer
INFO: [Physopt 32-65] No nets found for high-fanout optimization.
INFO: [Physopt 32-232] Optimized 0 net. Created 0 new instance.
INFO: [Physopt 32-775] End 1 Pass. Optimized 0 net or cell. Created 0 new cell, deleted 0 existing cell and moved 0 existing cell
INFO: [Physopt 32-670] No setup violation found.  DSP Register Optimization was not performed.
INFO: [Physopt 32-670] No setup violation found.  Shift Register Optimization was not performed.
INFO: [Physopt 32-670] No setup violation found.  BRAM Register Optimization was not performed.
INFO: [Physopt 32-949] No candidate nets found for HD net replication
INFO: [Physopt 32-775] End 1 Pass. Optimized 0 net or cell. Created 0 new cell, deleted 0 existing cell and moved 0 existing cell
Netlist sorting complete. Time (s): cpu = 00:00:00 ; elapsed = 00:00:00.010 . Memory (MB): peak = 1509.465 ; gain = 0.000

Summary of Physical Synthesis Optimizations
============================================


----------------------------------------------------------------------------------------------------------------------------------------
|  Optimization                  |  Added Cells  |  Removed Cells  |  Optimized Cells/Nets  |  Dont Touch  |  Iterations  |  Elapsed   |
----------------------------------------------------------------------------------------------------------------------------------------
|  Very High Fanout              |            0  |              0  |                     0  |           0  |           1  |  00:00:00  |
|  DSP Register                  |            0  |              0  |                     0  |           0  |           0  |  00:00:00  |
|  Shift Register                |            0  |              0  |                     0  |           0  |           0  |  00:00:00  |
|  BRAM Register                 |            0  |              0  |                     0  |           0  |           0  |  00:00:00  |
|  HD Interface Net Replication  |            0  |              0  |                     0  |           0  |           1  |  00:00:00  |
|  Total                         |            0  |              0  |                     0  |           0  |           2  |  00:00:00  |
----------------------------------------------------------------------------------------------------------------------------------------


Phase 2.2 Physical Synthesis In Placer | Checksum: 15a340152

Time (s): cpu = 00:00:14 ; elapsed = 00:00:22 . Memory (MB): peak = 1509.465 ; gain = 0.000
Phase 2 Global Placement | Checksum: 1736371fa

Time (s): cpu = 00:00:15 ; elapsed = 00:00:22 . Memory (MB): peak = 1509.465 ; gain = 0.000

Phase 3 Detail Placement

Phase 3.1 Commit Multi Column Macros
Phase 3.1 Commit Multi Column Macros | Checksum: 1736371fa

Time (s): cpu = 00:00:15 ; elapsed = 00:00:22 . Memory (MB): peak = 1509.465 ; gain = 0.000

Phase 3.2 Commit Most Macros & LUTRAMs
Phase 3.2 Commit Most Macros & LUTRAMs | Checksum: 171074a3b

Time (s): cpu = 00:00:16 ; elapsed = 00:00:25 . Memory (MB): peak = 1509.465 ; gain = 0.000

Phase 3.3 Area Swap Optimization
Phase 3.3 Area Swap Optimization | Checksum: 162a483d3

Time (s): cpu = 00:00:16 ; elapsed = 00:00:25 . Memory (MB): peak = 1509.465 ; gain = 0.000

Phase 3.4 Pipeline Register Optimization
Phase 3.4 Pipeline Register Optimization | Checksum: 140107a02

Time (s): cpu = 00:00:16 ; elapsed = 00:00:25 . Memory (MB): peak = 1509.465 ; gain = 0.000

Phase 3.5 Small Shape Detail Placement
Phase 3.5 Small Shape Detail Placement | Checksum: 163ab522c

Time (s): cpu = 00:00:19 ; elapsed = 00:00:31 . Memory (MB): peak = 1509.465 ; gain = 0.000

Phase 3.6 Re-assign LUT pins
Phase 3.6 Re-assign LUT pins | Checksum: 12206dd0f

Time (s): cpu = 00:00:19 ; elapsed = 00:00:33 . Memory (MB): peak = 1509.465 ; gain = 0.000

Phase 3.7 Pipeline Register Optimization
Phase 3.7 Pipeline Register Optimization | Checksum: 1af2ddaa0

Time (s): cpu = 00:00:19 ; elapsed = 00:00:33 . Memory (MB): peak = 1509.465 ; gain = 0.000
Phase 3 Detail Placement | Checksum: 1af2ddaa0

Time (s): cpu = 00:00:19 ; elapsed = 00:00:33 . Memory (MB): peak = 1509.465 ; gain = 0.000

Phase 4 Post Placement Optimization and Clean-Up

Phase 4.1 Post Commit Optimization
INFO: [Timing 38-35] Done setting XDC timing constraints.

Phase 4.1.1 Post Placement Optimization
Post Placement Optimization Initialization | Checksum: 16535660b

Phase 4.1.1.1 BUFG Insertion
INFO: [Place 46-46] BUFG insertion identified 0 candidate nets, 0 success, 0 bufg driver replicated, 0 skipped for placement/routing, 0 skipped for timing, 0 skipped for netlist change reason
Phase 4.1.1.1 BUFG Insertion | Checksum: 16535660b

Time (s): cpu = 00:00:22 ; elapsed = 00:00:36 . Memory (MB): peak = 1509.465 ; gain = 0.000
INFO: [Place 30-746] Post Placement Timing Summary WNS=0.567. For the most accurate timing information please run report_timing.
Phase 4.1.1 Post Placement Optimization | Checksum: 1763b6221

Time (s): cpu = 00:00:22 ; elapsed = 00:00:37 . Memory (MB): peak = 1509.465 ; gain = 0.000
Phase 4.1 Post Commit Optimization | Checksum: 1763b6221

Time (s): cpu = 00:00:22 ; elapsed = 00:00:37 . Memory (MB): peak = 1509.465 ; gain = 0.000

Phase 4.2 Post Placement Cleanup
Phase 4.2 Post Placement Cleanup | Checksum: 1763b6221

Time (s): cpu = 00:00:22 ; elapsed = 00:00:37 . Memory (MB): peak = 1509.465 ; gain = 0.000

Phase 4.3 Placer Reporting
Phase 4.3 Placer Reporting | Checksum: 1763b6221

Time (s): cpu = 00:00:22 ; elapsed = 00:00:37 . Memory (MB): peak = 1509.465 ; gain = 0.000

Phase 4.4 Final Placement Cleanup
Netlist sorting complete. Time (s): cpu = 00:00:00 ; elapsed = 00:00:00.012 . Memory (MB): peak = 1509.465 ; gain = 0.000
Phase 4.4 Final Placement Cleanup | Checksum: 1ec5e5c60

Time (s): cpu = 00:00:22 ; elapsed = 00:00:38 . Memory (MB): peak = 1509.465 ; gain = 0.000
Phase 4 Post Placement Optimization and Clean-Up | Checksum: 1ec5e5c60

Time (s): cpu = 00:00:22 ; elapsed = 00:00:38 . Memory (MB): peak = 1509.465 ; gain = 0.000
Ending Placer Task | Checksum: 13a98d335

Time (s): cpu = 00:00:22 ; elapsed = 00:00:38 . Memory (MB): peak = 1509.465 ; gain = 0.000
INFO: [Common 17-83] Releasing license: Implementation
62 Infos, 2 Warnings, 0 Critical Warnings and 0 Errors encountered.
place_design completed successfully
place_design: Time (s): cpu = 00:00:24 ; elapsed = 00:00:41 . Memory (MB): peak = 1509.465 ; gain = 0.000
Netlist sorting complete. Time (s): cpu = 00:00:00 ; elapsed = 00:00:00.011 . Memory (MB): peak = 1509.465 ; gain = 0.000
INFO: [Timing 38-480] Writing timing data to binary archive.
Writing placer database...
Netlist sorting complete. Time (s): cpu = 00:00:00 ; elapsed = 00:00:00.016 . Memory (MB): peak = 1509.465 ; gain = 0.000
Writing XDEF routing.
Writing XDEF routing logical nets.
Writing XDEF routing special nets.
Write XDEF Complete: Time (s): cpu = 00:00:03 ; elapsed = 00:00:02 . Memory (MB): peak = 1509.465 ; gain = 0.000
INFO: [Common 17-1381] The checkpoint 'C:/Users/thoms/Universite/INF3610-TPs/TP2/hls_architecture2/implementation_sol_2_2/hls_wrapped_mmult_prj/solution2_2/impl/verilog/project.runs/impl_1/bd_0_wrapper_placed.dcp' has been generated.
INFO: [runtcl-4] Executing : report_io -file bd_0_wrapper_io_placed.rpt
report_io: Time (s): cpu = 00:00:00 ; elapsed = 00:00:00.104 . Memory (MB): peak = 1509.465 ; gain = 0.000
INFO: [runtcl-4] Executing : report_utilization -file bd_0_wrapper_utilization_placed.rpt -pb bd_0_wrapper_utilization_placed.pb
INFO: [runtcl-4] Executing : report_control_sets -verbose -file bd_0_wrapper_control_sets_placed.rpt
report_control_sets: Time (s): cpu = 00:00:00 ; elapsed = 00:00:00.057 . Memory (MB): peak = 1509.465 ; gain = 0.000
Command: phys_opt_design
Attempting to get a license for feature 'Implementation' and/or device 'xc7z020'
INFO: [Common 17-349] Got license for feature 'Implementation' and/or device 'xc7z020'
INFO: [Vivado_Tcl 4-383] Design worst setup slack (WNS) is greater than or equal to 0.250 ns. Skipping all physical synthesis optimizations.
INFO: [Vivado_Tcl 4-232] No setup violation found. The netlist was not modified.
INFO: [Common 17-83] Releasing license: Implementation
71 Infos, 2 Warnings, 0 Critical Warnings and 0 Errors encountered.
phys_opt_design completed successfully
Netlist sorting complete. Time (s): cpu = 00:00:00 ; elapsed = 00:00:00.012 . Memory (MB): peak = 1509.465 ; gain = 0.000
INFO: [Timing 38-480] Writing timing data to binary archive.
Writing placer database...
Netlist sorting complete. Time (s): cpu = 00:00:00 ; elapsed = 00:00:00.011 . Memory (MB): peak = 1509.465 ; gain = 0.000
Writing XDEF routing.
Writing XDEF routing logical nets.
Writing XDEF routing special nets.
Write XDEF Complete: Time (s): cpu = 00:00:03 ; elapsed = 00:00:02 . Memory (MB): peak = 1509.465 ; gain = 0.000
INFO: [Common 17-1381] The checkpoint 'C:/Users/thoms/Universite/INF3610-TPs/TP2/hls_architecture2/implementation_sol_2_2/hls_wrapped_mmult_prj/solution2_2/impl/verilog/project.runs/impl_1/bd_0_wrapper_physopt.dcp' has been generated.
Command: route_design
Attempting to get a license for feature 'Implementation' and/or device 'xc7z020'
INFO: [Common 17-349] Got license for feature 'Implementation' and/or device 'xc7z020'
Running DRC as a precondition to command route_design
INFO: [DRC 23-27] Running DRC with 2 threads
INFO: [Vivado_Tcl 4-198] DRC finished with 0 Errors
INFO: [Vivado_Tcl 4-199] Please refer to the DRC report (report_drc) for more information.


Starting Routing Task
INFO: [Route 35-254] Multithreading enabled for route_design using a maximum of 2 CPUs
Checksum: PlaceDB: 5bca66be ConstDB: 0 ShapeSum: dece6c77 RouteDB: 0

Phase 1 Build RT Design
WARNING: [Route 35-197] Clock port "ap_clk" does not have an associated HD.CLK_SRC. Without this constraint, timing analysis may not be accurate and upstream checks cannot be done to ensure correct clock placement.
WARNING: [Route 35-198] Port "OUTPUT_STREAM_tready" does not have an associated HD.PARTPIN_LOCS, which will prevent the partial routing of the signal "OUTPUT_STREAM_tready". Without this partial route, timing analysis to/from this port will not be accurate, and no routing information for this port can be exported.
WARNING: [Route 35-198] Port "ap_rst_n" does not have an associated HD.PARTPIN_LOCS, which will prevent the partial routing of the signal "ap_rst_n". Without this partial route, timing analysis to/from this port will not be accurate, and no routing information for this port can be exported.
WARNING: [Route 35-198] Port "s_axi_CONTROL_BUS_awvalid" does not have an associated HD.PARTPIN_LOCS, which will prevent the partial routing of the signal "s_axi_CONTROL_BUS_awvalid". Without this partial route, timing analysis to/from this port will not be accurate, and no routing information for this port can be exported.
WARNING: [Route 35-198] Port "s_axi_CONTROL_BUS_bready" does not have an associated HD.PARTPIN_LOCS, which will prevent the partial routing of the signal "s_axi_CONTROL_BUS_bready". Without this partial route, timing analysis to/from this port will not be accurate, and no routing information for this port can be exported.
WARNING: [Route 35-198] Port "s_axi_CONTROL_BUS_wvalid" does not have an associated HD.PARTPIN_LOCS, which will prevent the partial routing of the signal "s_axi_CONTROL_BUS_wvalid". Without this partial route, timing analysis to/from this port will not be accurate, and no routing information for this port can be exported.
WARNING: [Route 35-198] Port "s_axi_CONTROL_BUS_araddr[1]" does not have an associated HD.PARTPIN_LOCS, which will prevent the partial routing of the signal "s_axi_CONTROL_BUS_araddr[1]". Without this partial route, timing analysis to/from this port will not be accurate, and no routing information for this port can be exported.
WARNING: [Route 35-198] Port "s_axi_CONTROL_BUS_araddr[0]" does not have an associated HD.PARTPIN_LOCS, which will prevent the partial routing of the signal "s_axi_CONTROL_BUS_araddr[0]". Without this partial route, timing analysis to/from this port will not be accurate, and no routing information for this port can be exported.
WARNING: [Route 35-198] Port "s_axi_CONTROL_BUS_araddr[2]" does not have an associated HD.PARTPIN_LOCS, which will prevent the partial routing of the signal "s_axi_CONTROL_BUS_araddr[2]". Without this partial route, timing analysis to/from this port will not be accurate, and no routing information for this port can be exported.
WARNING: [Route 35-198] Port "s_axi_CONTROL_BUS_araddr[3]" does not have an associated HD.PARTPIN_LOCS, which will prevent the partial routing of the signal "s_axi_CONTROL_BUS_araddr[3]". Without this partial route, timing analysis to/from this port will not be accurate, and no routing information for this port can be exported.
WARNING: [Route 35-198] Port "s_axi_CONTROL_BUS_wdata[0]" does not have an associated HD.PARTPIN_LOCS, which will prevent the partial routing of the signal "s_axi_CONTROL_BUS_wdata[0]". Without this partial route, timing analysis to/from this port will not be accurate, and no routing information for this port can be exported.
WARNING: [Route 35-198] Port "s_axi_CONTROL_BUS_wstrb[0]" does not have an associated HD.PARTPIN_LOCS, which will prevent the partial routing of the signal "s_axi_CONTROL_BUS_wstrb[0]". Without this partial route, timing analysis to/from this port will not be accurate, and no routing information for this port can be exported.
WARNING: [Route 35-198] Port "s_axi_CONTROL_BUS_wdata[1]" does not have an associated HD.PARTPIN_LOCS, which will prevent the partial routing of the signal "s_axi_CONTROL_BUS_wdata[1]". Without this partial route, timing analysis to/from this port will not be accurate, and no routing information for this port can be exported.
WARNING: [Route 35-198] Port "s_axi_CONTROL_BUS_rready" does not have an associated HD.PARTPIN_LOCS, which will prevent the partial routing of the signal "s_axi_CONTROL_BUS_rready". Without this partial route, timing analysis to/from this port will not be accurate, and no routing information for this port can be exported.
WARNING: [Route 35-198] Port "s_axi_CONTROL_BUS_arvalid" does not have an associated HD.PARTPIN_LOCS, which will prevent the partial routing of the signal "s_axi_CONTROL_BUS_arvalid". Without this partial route, timing analysis to/from this port will not be accurate, and no routing information for this port can be exported.
WARNING: [Route 35-198] Port "s_axi_CONTROL_BUS_awaddr[0]" does not have an associated HD.PARTPIN_LOCS, which will prevent the partial routing of the signal "s_axi_CONTROL_BUS_awaddr[0]". Without this partial route, timing analysis to/from this port will not be accurate, and no routing information for this port can be exported.
WARNING: [Route 35-198] Port "s_axi_CONTROL_BUS_awaddr[1]" does not have an associated HD.PARTPIN_LOCS, which will prevent the partial routing of the signal "s_axi_CONTROL_BUS_awaddr[1]". Without this partial route, timing analysis to/from this port will not be accurate, and no routing information for this port can be exported.
WARNING: [Route 35-198] Port "s_axi_CONTROL_BUS_awaddr[2]" does not have an associated HD.PARTPIN_LOCS, which will prevent the partial routing of the signal "s_axi_CONTROL_BUS_awaddr[2]". Without this partial route, timing analysis to/from this port will not be accurate, and no routing information for this port can be exported.
WARNING: [Route 35-198] Port "s_axi_CONTROL_BUS_awaddr[3]" does not have an associated HD.PARTPIN_LOCS, which will prevent the partial routing of the signal "s_axi_CONTROL_BUS_awaddr[3]". Without this partial route, timing analysis to/from this port will not be accurate, and no routing information for this port can be exported.
WARNING: [Route 35-198] Port "s_axi_CONTROL_BUS_wdata[7]" does not have an associated HD.PARTPIN_LOCS, which will prevent the partial routing of the signal "s_axi_CONTROL_BUS_wdata[7]". Without this partial route, timing analysis to/from this port will not be accurate, and no routing information for this port can be exported.
WARNING: [Route 35-198] Port "INPUT_STREAM_tdata[12]" does not have an associated HD.PARTPIN_LOCS, which will prevent the partial routing of the signal "INPUT_STREAM_tdata[12]". Without this partial route, timing analysis to/from this port will not be accurate, and no routing information for this port can be exported.
WARNING: [Route 35-198] Port "INPUT_STREAM_tdata[13]" does not have an associated HD.PARTPIN_LOCS, which will prevent the partial routing of the signal "INPUT_STREAM_tdata[13]". Without this partial route, timing analysis to/from this port will not be accurate, and no routing information for this port can be exported.
WARNING: [Route 35-198] Port "INPUT_STREAM_tdata[14]" does not have an associated HD.PARTPIN_LOCS, which will prevent the partial routing of the signal "INPUT_STREAM_tdata[14]". Without this partial route, timing analysis to/from this port will not be accurate, and no routing information for this port can be exported.
WARNING: [Route 35-198] Port "INPUT_STREAM_tdata[15]" does not have an associated HD.PARTPIN_LOCS, which will prevent the partial routing of the signal "INPUT_STREAM_tdata[15]". Without this partial route, timing analysis to/from this port will not be accurate, and no routing information for this port can be exported.
WARNING: [Route 35-198] Port "INPUT_STREAM_tvalid" does not have an associated HD.PARTPIN_LOCS, which will prevent the partial routing of the signal "INPUT_STREAM_tvalid". Without this partial route, timing analysis to/from this port will not be accurate, and no routing information for this port can be exported.
WARNING: [Route 35-198] Port "INPUT_STREAM_tdata[10]" does not have an associated HD.PARTPIN_LOCS, which will prevent the partial routing of the signal "INPUT_STREAM_tdata[10]". Without this partial route, timing analysis to/from this port will not be accurate, and no routing information for this port can be exported.
WARNING: [Route 35-198] Port "INPUT_STREAM_tdata[11]" does not have an associated HD.PARTPIN_LOCS, which will prevent the partial routing of the signal "INPUT_STREAM_tdata[11]". Without this partial route, timing analysis to/from this port will not be accurate, and no routing information for this port can be exported.
WARNING: [Route 35-198] Port "INPUT_STREAM_tdata[23]" does not have an associated HD.PARTPIN_LOCS, which will prevent the partial routing of the signal "INPUT_STREAM_tdata[23]". Without this partial route, timing analysis to/from this port will not be accurate, and no routing information for this port can be exported.
WARNING: [Route 35-198] Port "INPUT_STREAM_tdata[30]" does not have an associated HD.PARTPIN_LOCS, which will prevent the partial routing of the signal "INPUT_STREAM_tdata[30]". Without this partial route, timing analysis to/from this port will not be accurate, and no routing information for this port can be exported.
WARNING: [Route 35-198] Port "INPUT_STREAM_tdata[3]" does not have an associated HD.PARTPIN_LOCS, which will prevent the partial routing of the signal "INPUT_STREAM_tdata[3]". Without this partial route, timing analysis to/from this port will not be accurate, and no routing information for this port can be exported.
WARNING: [Route 35-198] Port "INPUT_STREAM_tdata[7]" does not have an associated HD.PARTPIN_LOCS, which will prevent the partial routing of the signal "INPUT_STREAM_tdata[7]". Without this partial route, timing analysis to/from this port will not be accurate, and no routing information for this port can be exported.
WARNING: [Route 35-198] Port "INPUT_STREAM_tdata[16]" does not have an associated HD.PARTPIN_LOCS, which will prevent the partial routing of the signal "INPUT_STREAM_tdata[16]". Without this partial route, timing analysis to/from this port will not be accurate, and no routing information for this port can be exported.
WARNING: [Route 35-198] Port "INPUT_STREAM_tdata[18]" does not have an associated HD.PARTPIN_LOCS, which will prevent the partial routing of the signal "INPUT_STREAM_tdata[18]". Without this partial route, timing analysis to/from this port will not be accurate, and no routing information for this port can be exported.
WARNING: [Route 35-198] Port "INPUT_STREAM_tdata[1]" does not have an associated HD.PARTPIN_LOCS, which will prevent the partial routing of the signal "INPUT_STREAM_tdata[1]". Without this partial route, timing analysis to/from this port will not be accurate, and no routing information for this port can be exported.
WARNING: [Route 35-198] Port "INPUT_STREAM_tdata[20]" does not have an associated HD.PARTPIN_LOCS, which will prevent the partial routing of the signal "INPUT_STREAM_tdata[20]". Without this partial route, timing analysis to/from this port will not be accurate, and no routing information for this port can be exported.
WARNING: [Route 35-198] Port "INPUT_STREAM_tdata[21]" does not have an associated HD.PARTPIN_LOCS, which will prevent the partial routing of the signal "INPUT_STREAM_tdata[21]". Without this partial route, timing analysis to/from this port will not be accurate, and no routing information for this port can be exported.
WARNING: [Route 35-198] Port "INPUT_STREAM_tdata[28]" does not have an associated HD.PARTPIN_LOCS, which will prevent the partial routing of the signal "INPUT_STREAM_tdata[28]". Without this partial route, timing analysis to/from this port will not be accurate, and no routing information for this port can be exported.
WARNING: [Route 35-198] Port "INPUT_STREAM_tdata[5]" does not have an associated HD.PARTPIN_LOCS, which will prevent the partial routing of the signal "INPUT_STREAM_tdata[5]". Without this partial route, timing analysis to/from this port will not be accurate, and no routing information for this port can be exported.
WARNING: [Route 35-198] Port "INPUT_STREAM_tdata[6]" does not have an associated HD.PARTPIN_LOCS, which will prevent the partial routing of the signal "INPUT_STREAM_tdata[6]". Without this partial route, timing analysis to/from this port will not be accurate, and no routing information for this port can be exported.
WARNING: [Route 35-198] Port "INPUT_STREAM_tdata[8]" does not have an associated HD.PARTPIN_LOCS, which will prevent the partial routing of the signal "INPUT_STREAM_tdata[8]". Without this partial route, timing analysis to/from this port will not be accurate, and no routing information for this port can be exported.
WARNING: [Route 35-198] Port "INPUT_STREAM_tdata[9]" does not have an associated HD.PARTPIN_LOCS, which will prevent the partial routing of the signal "INPUT_STREAM_tdata[9]". Without this partial route, timing analysis to/from this port will not be accurate, and no routing information for this port can be exported.
WARNING: [Route 35-198] Port "INPUT_STREAM_tdata[22]" does not have an associated HD.PARTPIN_LOCS, which will prevent the partial routing of the signal "INPUT_STREAM_tdata[22]". Without this partial route, timing analysis to/from this port will not be accurate, and no routing information for this port can be exported.
WARNING: [Route 35-198] Port "INPUT_STREAM_tdata[24]" does not have an associated HD.PARTPIN_LOCS, which will prevent the partial routing of the signal "INPUT_STREAM_tdata[24]". Without this partial route, timing analysis to/from this port will not be accurate, and no routing information for this port can be exported.
WARNING: [Route 35-198] Port "INPUT_STREAM_tdata[2]" does not have an associated HD.PARTPIN_LOCS, which will prevent the partial routing of the signal "INPUT_STREAM_tdata[2]". Without this partial route, timing analysis to/from this port will not be accurate, and no routing information for this port can be exported.
WARNING: [Route 35-198] Port "INPUT_STREAM_tdata[4]" does not have an associated HD.PARTPIN_LOCS, which will prevent the partial routing of the signal "INPUT_STREAM_tdata[4]". Without this partial route, timing analysis to/from this port will not be accurate, and no routing information for this port can be exported.
WARNING: [Route 35-198] Port "INPUT_STREAM_tdata[0]" does not have an associated HD.PARTPIN_LOCS, which will prevent the partial routing of the signal "INPUT_STREAM_tdata[0]". Without this partial route, timing analysis to/from this port will not be accurate, and no routing information for this port can be exported.
WARNING: [Route 35-198] Port "INPUT_STREAM_tdata[17]" does not have an associated HD.PARTPIN_LOCS, which will prevent the partial routing of the signal "INPUT_STREAM_tdata[17]". Without this partial route, timing analysis to/from this port will not be accurate, and no routing information for this port can be exported.
WARNING: [Route 35-198] Port "INPUT_STREAM_tdata[19]" does not have an associated HD.PARTPIN_LOCS, which will prevent the partial routing of the signal "INPUT_STREAM_tdata[19]". Without this partial route, timing analysis to/from this port will not be accurate, and no routing information for this port can be exported.
WARNING: [Route 35-198] Port "INPUT_STREAM_tdata[25]" does not have an associated HD.PARTPIN_LOCS, which will prevent the partial routing of the signal "INPUT_STREAM_tdata[25]". Without this partial route, timing analysis to/from this port will not be accurate, and no routing information for this port can be exported.
WARNING: [Route 35-198] Port "INPUT_STREAM_tdata[26]" does not have an associated HD.PARTPIN_LOCS, which will prevent the partial routing of the signal "INPUT_STREAM_tdata[26]". Without this partial route, timing analysis to/from this port will not be accurate, and no routing information for this port can be exported.
WARNING: [Route 35-198] Port "INPUT_STREAM_tdata[27]" does not have an associated HD.PARTPIN_LOCS, which will prevent the partial routing of the signal "INPUT_STREAM_tdata[27]". Without this partial route, timing analysis to/from this port will not be accurate, and no routing information for this port can be exported.
WARNING: [Route 35-198] Port "INPUT_STREAM_tdata[29]" does not have an associated HD.PARTPIN_LOCS, which will prevent the partial routing of the signal "INPUT_STREAM_tdata[29]". Without this partial route, timing analysis to/from this port will not be accurate, and no routing information for this port can be exported.
WARNING: [Route 35-198] Port "INPUT_STREAM_tdata[31]" does not have an associated HD.PARTPIN_LOCS, which will prevent the partial routing of the signal "INPUT_STREAM_tdata[31]". Without this partial route, timing analysis to/from this port will not be accurate, and no routing information for this port can be exported.
Phase 1 Build RT Design | Checksum: e748be88

Time (s): cpu = 00:00:31 ; elapsed = 00:01:02 . Memory (MB): peak = 1577.855 ; gain = 68.391
Post Restoration Checksum: NetGraph: da1680e9 NumContArr: d323d9f Constraints: 0 Timing: 0

Phase 2 Router Initialization

Phase 2.1 Create Timer
Phase 2.1 Create Timer | Checksum: e748be88

Time (s): cpu = 00:00:31 ; elapsed = 00:01:02 . Memory (MB): peak = 1577.855 ; gain = 68.391

Phase 2.2 Fix Topology Constraints
Phase 2.2 Fix Topology Constraints | Checksum: e748be88

Time (s): cpu = 00:00:31 ; elapsed = 00:01:02 . Memory (MB): peak = 1584.305 ; gain = 74.840

Phase 2.3 Pre Route Cleanup
Phase 2.3 Pre Route Cleanup | Checksum: e748be88

Time (s): cpu = 00:00:31 ; elapsed = 00:01:02 . Memory (MB): peak = 1584.305 ; gain = 74.840
 Number of Nodes with overlaps = 0

Phase 2.4 Update Timing
Phase 2.4 Update Timing | Checksum: 14ef107bd

Time (s): cpu = 00:00:33 ; elapsed = 00:01:05 . Memory (MB): peak = 1589.574 ; gain = 80.109
INFO: [Route 35-416] Intermediate Timing Summary | WNS=0.689  | TNS=0.000  | WHS=0.007  | THS=0.000  |

Phase 2 Router Initialization | Checksum: 1eb003262

Time (s): cpu = 00:00:34 ; elapsed = 00:01:07 . Memory (MB): peak = 1619.910 ; gain = 110.445

Phase 3 Initial Routing
Phase 3 Initial Routing | Checksum: 14f5e3b78

Time (s): cpu = 00:00:37 ; elapsed = 00:01:10 . Memory (MB): peak = 1622.020 ; gain = 112.555

Phase 4 Rip-up And Reroute

Phase 4.1 Global Iteration 0
 Number of Nodes with overlaps = 1666
 Number of Nodes with overlaps = 334
 Number of Nodes with overlaps = 45
 Number of Nodes with overlaps = 12
 Number of Nodes with overlaps = 4
 Number of Nodes with overlaps = 0
INFO: [Route 35-416] Intermediate Timing Summary | WNS=0.825  | TNS=0.000  | WHS=N/A    | THS=N/A    |

Phase 4.1 Global Iteration 0 | Checksum: 18b282483

Time (s): cpu = 00:00:45 ; elapsed = 00:01:25 . Memory (MB): peak = 1622.020 ; gain = 112.555
Phase 4 Rip-up And Reroute | Checksum: 18b282483

Time (s): cpu = 00:00:46 ; elapsed = 00:01:25 . Memory (MB): peak = 1622.020 ; gain = 112.555

Phase 5 Delay and Skew Optimization

Phase 5.1 Delay CleanUp
Phase 5.1 Delay CleanUp | Checksum: 18b282483

Time (s): cpu = 00:00:46 ; elapsed = 00:01:25 . Memory (MB): peak = 1622.020 ; gain = 112.555

Phase 5.2 Clock Skew Optimization
Phase 5.2 Clock Skew Optimization | Checksum: 18b282483

Time (s): cpu = 00:00:46 ; elapsed = 00:01:25 . Memory (MB): peak = 1622.020 ; gain = 112.555
Phase 5 Delay and Skew Optimization | Checksum: 18b282483

Time (s): cpu = 00:00:46 ; elapsed = 00:01:25 . Memory (MB): peak = 1622.020 ; gain = 112.555

Phase 6 Post Hold Fix

Phase 6.1 Hold Fix Iter

Phase 6.1.1 Update Timing
Phase 6.1.1 Update Timing | Checksum: 1c214d412

Time (s): cpu = 00:00:46 ; elapsed = 00:01:26 . Memory (MB): peak = 1622.020 ; gain = 112.555
INFO: [Route 35-416] Intermediate Timing Summary | WNS=0.825  | TNS=0.000  | WHS=0.038  | THS=0.000  |

Phase 6.1 Hold Fix Iter | Checksum: 16b66a4b9

Time (s): cpu = 00:00:46 ; elapsed = 00:01:26 . Memory (MB): peak = 1622.020 ; gain = 112.555
Phase 6 Post Hold Fix | Checksum: 16b66a4b9

Time (s): cpu = 00:00:46 ; elapsed = 00:01:26 . Memory (MB): peak = 1622.020 ; gain = 112.555

Phase 7 Route finalize

Router Utilization Summary
  Global Vertical Routing Utilization    = 1.62131 %
  Global Horizontal Routing Utilization  = 2.35345 %
  Routable Net Status*
  *Does not include unroutable nets such as driverless and loadless.
  Run report_route_status for detailed report.
  Number of Failed Nets               = 0
  Number of Unrouted Nets             = 0
  Number of Partially Routed Nets     = 0
  Number of Node Overlaps             = 0

Phase 7 Route finalize | Checksum: 1ad2d2da7

Time (s): cpu = 00:00:46 ; elapsed = 00:01:26 . Memory (MB): peak = 1622.020 ; gain = 112.555

Phase 8 Verifying routed nets

 Verification completed successfully
Phase 8 Verifying routed nets | Checksum: 1ad2d2da7

Time (s): cpu = 00:00:46 ; elapsed = 00:01:26 . Memory (MB): peak = 1622.020 ; gain = 112.555

Phase 9 Depositing Routes
Phase 9 Depositing Routes | Checksum: 1cc287604

Time (s): cpu = 00:00:47 ; elapsed = 00:01:28 . Memory (MB): peak = 1622.020 ; gain = 112.555

Phase 10 Post Router Timing
INFO: [Route 35-57] Estimated Timing Summary | WNS=0.825  | TNS=0.000  | WHS=0.038  | THS=0.000  |

INFO: [Route 35-327] The final timing numbers are based on the router estimated timing analysis. For a complete and accurate timing signoff, please run report_timing_summary.
Phase 10 Post Router Timing | Checksum: 1cc287604

Time (s): cpu = 00:00:47 ; elapsed = 00:01:28 . Memory (MB): peak = 1622.020 ; gain = 112.555
INFO: [Route 35-16] Router Completed Successfully

Time (s): cpu = 00:00:47 ; elapsed = 00:01:28 . Memory (MB): peak = 1622.020 ; gain = 112.555

Routing Is Done.
INFO: [Common 17-83] Releasing license: Implementation
85 Infos, 55 Warnings, 0 Critical Warnings and 0 Errors encountered.
route_design completed successfully
route_design: Time (s): cpu = 00:00:50 ; elapsed = 00:01:32 . Memory (MB): peak = 1622.020 ; gain = 112.555
Netlist sorting complete. Time (s): cpu = 00:00:00 ; elapsed = 00:00:00.011 . Memory (MB): peak = 1622.020 ; gain = 0.000
INFO: [Timing 38-480] Writing timing data to binary archive.
Writing placer database...
Netlist sorting complete. Time (s): cpu = 00:00:00 ; elapsed = 00:00:00.011 . Memory (MB): peak = 1622.020 ; gain = 0.000
Writing XDEF routing.
Writing XDEF routing logical nets.
Writing XDEF routing special nets.
Write XDEF Complete: Time (s): cpu = 00:00:03 ; elapsed = 00:00:02 . Memory (MB): peak = 1622.020 ; gain = 0.000
INFO: [Common 17-1381] The checkpoint 'C:/Users/thoms/Universite/INF3610-TPs/TP2/hls_architecture2/implementation_sol_2_2/hls_wrapped_mmult_prj/solution2_2/impl/verilog/project.runs/impl_1/bd_0_wrapper_routed.dcp' has been generated.
INFO: [runtcl-4] Executing : report_drc -file bd_0_wrapper_drc_routed.rpt -pb bd_0_wrapper_drc_routed.pb -rpx bd_0_wrapper_drc_routed.rpx
Command: report_drc -file bd_0_wrapper_drc_routed.rpt -pb bd_0_wrapper_drc_routed.pb -rpx bd_0_wrapper_drc_routed.rpx
INFO: [IP_Flow 19-1839] IP Catalog is up to date.
INFO: [DRC 23-27] Running DRC with 2 threads
INFO: [Coretcl 2-168] The results of DRC are in file C:/Users/thoms/Universite/INF3610-TPs/TP2/hls_architecture2/implementation_sol_2_2/hls_wrapped_mmult_prj/solution2_2/impl/verilog/project.runs/impl_1/bd_0_wrapper_drc_routed.rpt.
report_drc completed successfully
report_drc: Time (s): cpu = 00:00:06 ; elapsed = 00:00:06 . Memory (MB): peak = 1622.020 ; gain = 0.000
INFO: [runtcl-4] Executing : report_methodology -file bd_0_wrapper_methodology_drc_routed.rpt -pb bd_0_wrapper_methodology_drc_routed.pb -rpx bd_0_wrapper_methodology_drc_routed.rpx
Command: report_methodology -file bd_0_wrapper_methodology_drc_routed.rpt -pb bd_0_wrapper_methodology_drc_routed.pb -rpx bd_0_wrapper_methodology_drc_routed.rpx
INFO: [Timing 38-35] Done setting XDC timing constraints.
WARNING: [Timing 38-242] The property HD.CLK_SRC of clock port "ap_clk" is not set. In out-of-context mode, this prevents timing estimation for clock delay/skew
Resolution: Set the HD.CLK_SRC property of the out-of-context port to the location of the clock buffer instance in the top-level design
INFO: [DRC 23-133] Running Methodology with 2 threads
INFO: [Coretcl 2-1520] The results of Report Methodology are in file C:/Users/thoms/Universite/INF3610-TPs/TP2/hls_architecture2/implementation_sol_2_2/hls_wrapped_mmult_prj/solution2_2/impl/verilog/project.runs/impl_1/bd_0_wrapper_methodology_drc_routed.rpt.
report_methodology completed successfully
report_methodology: Time (s): cpu = 00:00:05 ; elapsed = 00:00:06 . Memory (MB): peak = 1636.020 ; gain = 14.000
INFO: [runtcl-4] Executing : report_power -file bd_0_wrapper_power_routed.rpt -pb bd_0_wrapper_power_summary_routed.pb -rpx bd_0_wrapper_power_routed.rpx
Command: report_power -file bd_0_wrapper_power_routed.rpt -pb bd_0_wrapper_power_summary_routed.pb -rpx bd_0_wrapper_power_routed.rpx
INFO: [Timing 38-35] Done setting XDC timing constraints.
Running Vector-less Activity Propagation...

Finished Running Vector-less Activity Propagation
97 Infos, 56 Warnings, 0 Critical Warnings and 0 Errors encountered.
report_power completed successfully
report_power: Time (s): cpu = 00:00:04 ; elapsed = 00:00:05 . Memory (MB): peak = 1666.949 ; gain = 30.930
INFO: [runtcl-4] Executing : report_route_status -file bd_0_wrapper_route_status.rpt -pb bd_0_wrapper_route_status.pb
INFO: [runtcl-4] Executing : report_timing_summary -max_paths 10 -file bd_0_wrapper_timing_summary_routed.rpt -pb bd_0_wrapper_timing_summary_routed.pb -rpx bd_0_wrapper_timing_summary_routed.rpx -warn_on_violation 
INFO: [Timing 38-91] UpdateTimingParams: Speed grade: -1, Delay Type: min_max.
INFO: [Timing 38-191] Multithreading enabled for timing update using a maximum of 2 CPUs
INFO: [runtcl-4] Executing : report_incremental_reuse -file bd_0_wrapper_incremental_reuse_routed.rpt
INFO: [Vivado_Tcl 4-1062] Incremental flow is disabled. No incremental reuse Info to report.
INFO: [runtcl-4] Executing : report_clock_utilization -file bd_0_wrapper_clock_utilization_routed.rpt
INFO: [runtcl-4] Executing : report_bus_skew -warn_on_violation -file bd_0_wrapper_bus_skew_routed.rpt -pb bd_0_wrapper_bus_skew_routed.pb -rpx bd_0_wrapper_bus_skew_routed.rpx
INFO: [Timing 38-91] UpdateTimingParams: Speed grade: -1, Delay Type: min_max.
INFO: [Timing 38-191] Multithreading enabled for timing update using a maximum of 2 CPUs
INFO: [Common 17-206] Exiting Vivado at Wed Apr 17 15:59:27 2024...
